DEBUG:urllib3.connectionpool:Starting new HTTPS connection (1): v6.exchangerate-api.com:443
DEBUG:urllib3.connectionpool:https://v6.exchangerate-api.com:443 "GET /v6/1cb86a7d10b1120477de4a54/latest/USD HTTP/1.1" 200 1569
INFO:root:Converted amount: 1699.9
DEBUG:urllib3.connectionpool:Starting new HTTPS connection (1): v6.exchangerate-api.com:443
DEBUG:urllib3.connectionpool:https://v6.exchangerate-api.com:443 "GET /v6/1cb86a7d10b1120477de4a54/latest/azn HTTP/1.1" 200 1540
DEBUG:celery.utils.functional:
def xstarmap(task, it):
    return 1

DEBUG:celery.utils.functional:
def accumulate(self, *args, **kwargs):
    return 1

DEBUG:celery.utils.functional:
def chain(*args, **kwargs):
    return 1

DEBUG:celery.utils.functional:
def chunks(task, it, n):
    return 1

DEBUG:celery.utils.functional:
def unlock_chord(self, group_id, callback, interval=0, max_retries=1, result=2, Result=3, GroupResult=4, result_from_tuple=5, **kwargs):
    return 1

DEBUG:celery.utils.functional:
def chord(self, header, body, partial_args=0, interval=1, countdown=2, max_retries=3, eager=4, **kwargs):
    return 1

DEBUG:celery.utils.functional:
def group(self, tasks, result, group_id, partial_args, add_to_parent=0):
    return 1

DEBUG:celery.utils.functional:
def xmap(task, it):
    return 1

DEBUG:celery.utils.functional:
def backend_cleanup():
    return 1

DEBUG:urllib3.connectionpool:Starting new HTTPS connection (1): v6.exchangerate-api.com:443
DEBUG:urllib3.connectionpool:https://v6.exchangerate-api.com:443 "GET /v6/1cb86a7d10b1120477de4a54/latest/azn HTTP/1.1" 200 1540
DEBUG:celery.utils.functional:
def xstarmap(task, it):
    return 1

DEBUG:celery.utils.functional:
def accumulate(self, *args, **kwargs):
    return 1

DEBUG:celery.utils.functional:
def chain(*args, **kwargs):
    return 1

DEBUG:celery.utils.functional:
def chunks(task, it, n):
    return 1

DEBUG:celery.utils.functional:
def unlock_chord(self, group_id, callback, interval=0, max_retries=1, result=2, Result=3, GroupResult=4, result_from_tuple=5, **kwargs):
    return 1

DEBUG:celery.utils.functional:
def chord(self, header, body, partial_args=0, interval=1, countdown=2, max_retries=3, eager=4, **kwargs):
    return 1

DEBUG:celery.utils.functional:
def group(self, tasks, result, group_id, partial_args, add_to_parent=0):
    return 1

DEBUG:celery.utils.functional:
def xmap(task, it):
    return 1

DEBUG:celery.utils.functional:
def backend_cleanup():
    return 1

DEBUG:celery.utils.functional:
def xstarmap(task, it):
    return 1

DEBUG:celery.utils.functional:
def accumulate(self, *args, **kwargs):
    return 1

DEBUG:celery.utils.functional:
def chain(*args, **kwargs):
    return 1

DEBUG:celery.utils.functional:
def chunks(task, it, n):
    return 1

DEBUG:celery.utils.functional:
def unlock_chord(self, group_id, callback, interval=0, max_retries=1, result=2, Result=3, GroupResult=4, result_from_tuple=5, **kwargs):
    return 1

DEBUG:celery.utils.functional:
def chord(self, header, body, partial_args=0, interval=1, countdown=2, max_retries=3, eager=4, **kwargs):
    return 1

DEBUG:celery.utils.functional:
def group(self, tasks, result, group_id, partial_args, add_to_parent=0):
    return 1

DEBUG:celery.utils.functional:
def get_exchange_rates(*args, **kwargs):
    return 1

DEBUG:celery.utils.functional:
def xmap(task, it):
    return 1

DEBUG:celery.utils.functional:
def backend_cleanup():
    return 1

DEBUG:urllib3.connectionpool:Starting new HTTPS connection (1): v6.exchangerate-api.com:443
DEBUG:urllib3.connectionpool:https://v6.exchangerate-api.com:443 "GET /v6/1cb86a7d10b1120477de4a54/latest/azn HTTP/1.1" 200 1540
DEBUG:urllib3.connectionpool:Starting new HTTPS connection (1): v6.exchangerate-api.com:443
DEBUG:urllib3.connectionpool:https://v6.exchangerate-api.com:443 "GET /v6/1cb86a7d10b1120477de4a54/latest/azn HTTP/1.1" 200 1540
DEBUG:celery.utils.functional:
def xstarmap(task, it):
    return 1

DEBUG:celery.utils.functional:
def accumulate(self, *args, **kwargs):
    return 1

DEBUG:celery.utils.functional:
def chain(*args, **kwargs):
    return 1

DEBUG:celery.utils.functional:
def chunks(task, it, n):
    return 1

DEBUG:celery.utils.functional:
def unlock_chord(self, group_id, callback, interval=0, max_retries=1, result=2, Result=3, GroupResult=4, result_from_tuple=5, **kwargs):
    return 1

DEBUG:celery.utils.functional:
def chord(self, header, body, partial_args=0, interval=1, countdown=2, max_retries=3, eager=4, **kwargs):
    return 1

DEBUG:celery.utils.functional:
def group(self, tasks, result, group_id, partial_args, add_to_parent=0):
    return 1

DEBUG:celery.utils.functional:
def xmap(task, it):
    return 1

DEBUG:celery.utils.functional:
def backend_cleanup():
    return 1

DEBUG:celery.utils.functional:
def get_exchange_rates(*args, **kwargs):
    return 1

DEBUG:urllib3.connectionpool:Starting new HTTPS connection (1): v6.exchangerate-api.com:443
DEBUG:urllib3.connectionpool:https://v6.exchangerate-api.com:443 "GET /v6/1cb86a7d10b1120477de4a54/latest/azn HTTP/1.1" 200 1540
DEBUG:urllib3.connectionpool:Starting new HTTPS connection (1): v6.exchangerate-api.com:443
DEBUG:urllib3.connectionpool:https://v6.exchangerate-api.com:443 "GET /v6/1cb86a7d10b1120477de4a54/latest/azn HTTP/1.1" 200 1540
DEBUG:celery.utils.functional:
def xstarmap(task, it):
    return 1

DEBUG:celery.utils.functional:
def accumulate(self, *args, **kwargs):
    return 1

DEBUG:celery.utils.functional:
def chain(*args, **kwargs):
    return 1

DEBUG:celery.utils.functional:
def chunks(task, it, n):
    return 1

DEBUG:celery.utils.functional:
def unlock_chord(self, group_id, callback, interval=0, max_retries=1, result=2, Result=3, GroupResult=4, result_from_tuple=5, **kwargs):
    return 1

DEBUG:celery.utils.functional:
def chord(self, header, body, partial_args=0, interval=1, countdown=2, max_retries=3, eager=4, **kwargs):
    return 1

DEBUG:celery.utils.functional:
def get_exchange_rates(*args, **kwargs):
    return 1

DEBUG:celery.utils.functional:
def group(self, tasks, result, group_id, partial_args, add_to_parent=0):
    return 1

DEBUG:celery.utils.functional:
def xmap(task, it):
    return 1

DEBUG:celery.utils.functional:
def backend_cleanup():
    return 1

DEBUG:urllib3.connectionpool:Starting new HTTPS connection (1): v6.exchangerate-api.com:443
DEBUG:urllib3.connectionpool:https://v6.exchangerate-api.com:443 "GET /v6/1cb86a7d10b1120477de4a54/latest/azn HTTP/1.1" 200 1540
DEBUG:urllib3.connectionpool:Starting new HTTPS connection (1): v6.exchangerate-api.com:443
DEBUG:urllib3.connectionpool:https://v6.exchangerate-api.com:443 "GET /v6/1cb86a7d10b1120477de4a54/latest/azn HTTP/1.1" 200 1540
DEBUG:celery.utils.functional:
def xstarmap(task, it):
    return 1

DEBUG:celery.utils.functional:
def accumulate(self, *args, **kwargs):
    return 1

DEBUG:celery.utils.functional:
def chain(*args, **kwargs):
    return 1

DEBUG:celery.utils.functional:
def chunks(task, it, n):
    return 1

DEBUG:celery.utils.functional:
def unlock_chord(self, group_id, callback, interval=0, max_retries=1, result=2, Result=3, GroupResult=4, result_from_tuple=5, **kwargs):
    return 1

DEBUG:celery.utils.functional:
def chord(self, header, body, partial_args=0, interval=1, countdown=2, max_retries=3, eager=4, **kwargs):
    return 1

DEBUG:celery.utils.functional:
def group(self, tasks, result, group_id, partial_args, add_to_parent=0):
    return 1

DEBUG:celery.utils.functional:
def xmap(task, it):
    return 1

DEBUG:celery.utils.functional:
def backend_cleanup():
    return 1

DEBUG:celery.utils.functional:
def get_exchange_rates(*args, **kwargs):
    return 1

DEBUG:urllib3.connectionpool:Starting new HTTPS connection (1): v6.exchangerate-api.com:443
DEBUG:urllib3.connectionpool:https://v6.exchangerate-api.com:443 "GET /v6/1cb86a7d10b1120477de4a54/latest/azn HTTP/1.1" 200 1540
DEBUG:urllib3.connectionpool:Starting new HTTPS connection (1): v6.exchangerate-api.com:443
DEBUG:urllib3.connectionpool:https://v6.exchangerate-api.com:443 "GET /v6/1cb86a7d10b1120477de4a54/latest/azn HTTP/1.1" 200 1540
DEBUG:celery.utils.functional:
def xstarmap(task, it):
    return 1

DEBUG:celery.utils.functional:
def accumulate(self, *args, **kwargs):
    return 1

DEBUG:celery.utils.functional:
def chain(*args, **kwargs):
    return 1

DEBUG:celery.utils.functional:
def chunks(task, it, n):
    return 1

DEBUG:celery.utils.functional:
def unlock_chord(self, group_id, callback, interval=0, max_retries=1, result=2, Result=3, GroupResult=4, result_from_tuple=5, **kwargs):
    return 1

DEBUG:celery.utils.functional:
def chord(self, header, body, partial_args=0, interval=1, countdown=2, max_retries=3, eager=4, **kwargs):
    return 1

DEBUG:celery.utils.functional:
def get_exchange_rates(*args, **kwargs):
    return 1

DEBUG:celery.utils.functional:
def group(self, tasks, result, group_id, partial_args, add_to_parent=0):
    return 1

DEBUG:celery.utils.functional:
def xmap(task, it):
    return 1

DEBUG:celery.utils.functional:
def backend_cleanup():
    return 1

DEBUG:urllib3.connectionpool:Starting new HTTPS connection (1): v6.exchangerate-api.com:443
DEBUG:urllib3.connectionpool:https://v6.exchangerate-api.com:443 "GET /v6/1cb86a7d10b1120477de4a54/latest/azn HTTP/1.1" 200 1540
DEBUG:urllib3.connectionpool:Starting new HTTPS connection (1): v6.exchangerate-api.com:443
DEBUG:urllib3.connectionpool:https://v6.exchangerate-api.com:443 "GET /v6/1cb86a7d10b1120477de4a54/latest/azn HTTP/1.1" 200 1540
DEBUG:celery.utils.functional:
def xstarmap(task, it):
    return 1

DEBUG:celery.utils.functional:
def accumulate(self, *args, **kwargs):
    return 1

DEBUG:celery.utils.functional:
def chain(*args, **kwargs):
    return 1

DEBUG:celery.utils.functional:
def chunks(task, it, n):
    return 1

DEBUG:celery.utils.functional:
def unlock_chord(self, group_id, callback, interval=0, max_retries=1, result=2, Result=3, GroupResult=4, result_from_tuple=5, **kwargs):
    return 1

DEBUG:celery.utils.functional:
def chord(self, header, body, partial_args=0, interval=1, countdown=2, max_retries=3, eager=4, **kwargs):
    return 1

DEBUG:celery.utils.functional:
def group(self, tasks, result, group_id, partial_args, add_to_parent=0):
    return 1

DEBUG:celery.utils.functional:
def xmap(task, it):
    return 1

DEBUG:celery.utils.functional:
def backend_cleanup():
    return 1

DEBUG:celery.utils.functional:
def get_exchange_rates(*args, **kwargs):
    return 1

DEBUG:urllib3.connectionpool:Starting new HTTPS connection (1): v6.exchangerate-api.com:443
DEBUG:urllib3.connectionpool:https://v6.exchangerate-api.com:443 "GET /v6/1cb86a7d10b1120477de4a54/latest/azn HTTP/1.1" 200 1540
DEBUG:urllib3.connectionpool:Starting new HTTPS connection (1): v6.exchangerate-api.com:443
DEBUG:urllib3.connectionpool:https://v6.exchangerate-api.com:443 "GET /v6/1cb86a7d10b1120477de4a54/latest/azn HTTP/1.1" 200 1540
DEBUG:celery.utils.functional:
def xstarmap(task, it):
    return 1

DEBUG:celery.utils.functional:
def accumulate(self, *args, **kwargs):
    return 1

DEBUG:celery.utils.functional:
def chain(*args, **kwargs):
    return 1

DEBUG:celery.utils.functional:
def chunks(task, it, n):
    return 1

DEBUG:celery.utils.functional:
def unlock_chord(self, group_id, callback, interval=0, max_retries=1, result=2, Result=3, GroupResult=4, result_from_tuple=5, **kwargs):
    return 1

DEBUG:celery.utils.functional:
def chord(self, header, body, partial_args=0, interval=1, countdown=2, max_retries=3, eager=4, **kwargs):
    return 1

DEBUG:celery.utils.functional:
def get_exchange_rates(*args, **kwargs):
    return 1

DEBUG:celery.utils.functional:
def group(self, tasks, result, group_id, partial_args, add_to_parent=0):
    return 1

DEBUG:celery.utils.functional:
def xmap(task, it):
    return 1

DEBUG:celery.utils.functional:
def backend_cleanup():
    return 1

DEBUG:urllib3.connectionpool:Starting new HTTPS connection (1): v6.exchangerate-api.com:443
DEBUG:urllib3.connectionpool:https://v6.exchangerate-api.com:443 "GET /v6/1cb86a7d10b1120477de4a54/latest/azn HTTP/1.1" 200 1540
DEBUG:urllib3.connectionpool:Starting new HTTPS connection (1): v6.exchangerate-api.com:443
DEBUG:urllib3.connectionpool:https://v6.exchangerate-api.com:443 "GET /v6/1cb86a7d10b1120477de4a54/latest/azn HTTP/1.1" 200 1540
DEBUG:celery.utils.functional:
def xstarmap(task, it):
    return 1

DEBUG:celery.utils.functional:
def accumulate(self, *args, **kwargs):
    return 1

DEBUG:celery.utils.functional:
def chain(*args, **kwargs):
    return 1

DEBUG:celery.utils.functional:
def chunks(task, it, n):
    return 1

DEBUG:celery.utils.functional:
def unlock_chord(self, group_id, callback, interval=0, max_retries=1, result=2, Result=3, GroupResult=4, result_from_tuple=5, **kwargs):
    return 1

DEBUG:celery.utils.functional:
def chord(self, header, body, partial_args=0, interval=1, countdown=2, max_retries=3, eager=4, **kwargs):
    return 1

DEBUG:celery.utils.functional:
def group(self, tasks, result, group_id, partial_args, add_to_parent=0):
    return 1

DEBUG:celery.utils.functional:
def xmap(task, it):
    return 1

DEBUG:celery.utils.functional:
def backend_cleanup():
    return 1

DEBUG:celery.utils.functional:
def get_exchange_rates(*args, **kwargs):
    return 1

DEBUG:urllib3.connectionpool:Starting new HTTPS connection (1): v6.exchangerate-api.com:443
DEBUG:urllib3.connectionpool:https://v6.exchangerate-api.com:443 "GET /v6/1cb86a7d10b1120477de4a54/latest/azn HTTP/1.1" 200 1540
DEBUG:urllib3.connectionpool:Starting new HTTPS connection (1): v6.exchangerate-api.com:443
DEBUG:urllib3.connectionpool:https://v6.exchangerate-api.com:443 "GET /v6/1cb86a7d10b1120477de4a54/latest/azn HTTP/1.1" 200 1540
DEBUG:celery.utils.functional:
def xstarmap(task, it):
    return 1

DEBUG:celery.utils.functional:
def accumulate(self, *args, **kwargs):
    return 1

DEBUG:celery.utils.functional:
def chain(*args, **kwargs):
    return 1

DEBUG:celery.utils.functional:
def chunks(task, it, n):
    return 1

DEBUG:celery.utils.functional:
def unlock_chord(self, group_id, callback, interval=0, max_retries=1, result=2, Result=3, GroupResult=4, result_from_tuple=5, **kwargs):
    return 1

DEBUG:celery.utils.functional:
def chord(self, header, body, partial_args=0, interval=1, countdown=2, max_retries=3, eager=4, **kwargs):
    return 1

DEBUG:celery.utils.functional:
def group(self, tasks, result, group_id, partial_args, add_to_parent=0):
    return 1

DEBUG:celery.utils.functional:
def xmap(task, it):
    return 1

DEBUG:celery.utils.functional:
def backend_cleanup():
    return 1

DEBUG:celery.utils.functional:
def get_exchange_rates(*args, **kwargs):
    return 1

DEBUG:urllib3.connectionpool:Starting new HTTPS connection (1): v6.exchangerate-api.com:443
DEBUG:urllib3.connectionpool:https://v6.exchangerate-api.com:443 "GET /v6/1cb86a7d10b1120477de4a54/latest/azn HTTP/1.1" 200 1540
DEBUG:urllib3.connectionpool:Starting new HTTPS connection (1): v6.exchangerate-api.com:443
DEBUG:urllib3.connectionpool:https://v6.exchangerate-api.com:443 "GET /v6/1cb86a7d10b1120477de4a54/latest/azn HTTP/1.1" 200 1540
DEBUG:celery.utils.functional:
def xstarmap(task, it):
    return 1

DEBUG:celery.utils.functional:
def accumulate(self, *args, **kwargs):
    return 1

DEBUG:celery.utils.functional:
def chain(*args, **kwargs):
    return 1

DEBUG:celery.utils.functional:
def chunks(task, it, n):
    return 1

DEBUG:celery.utils.functional:
def unlock_chord(self, group_id, callback, interval=0, max_retries=1, result=2, Result=3, GroupResult=4, result_from_tuple=5, **kwargs):
    return 1

DEBUG:celery.utils.functional:
def chord(self, header, body, partial_args=0, interval=1, countdown=2, max_retries=3, eager=4, **kwargs):
    return 1

DEBUG:celery.utils.functional:
def get_exchange_rates(*args, **kwargs):
    return 1

DEBUG:celery.utils.functional:
def group(self, tasks, result, group_id, partial_args, add_to_parent=0):
    return 1

DEBUG:celery.utils.functional:
def xmap(task, it):
    return 1

DEBUG:celery.utils.functional:
def backend_cleanup():
    return 1

DEBUG:urllib3.connectionpool:Starting new HTTPS connection (1): v6.exchangerate-api.com:443
DEBUG:urllib3.connectionpool:https://v6.exchangerate-api.com:443 "GET /v6/1cb86a7d10b1120477de4a54/latest/azn HTTP/1.1" 200 1540
DEBUG:urllib3.connectionpool:Starting new HTTPS connection (1): v6.exchangerate-api.com:443
DEBUG:urllib3.connectionpool:https://v6.exchangerate-api.com:443 "GET /v6/1cb86a7d10b1120477de4a54/latest/azn HTTP/1.1" 200 1540
DEBUG:celery.utils.functional:
def xstarmap(task, it):
    return 1

DEBUG:celery.utils.functional:
def accumulate(self, *args, **kwargs):
    return 1

DEBUG:celery.utils.functional:
def chain(*args, **kwargs):
    return 1

DEBUG:celery.utils.functional:
def chunks(task, it, n):
    return 1

DEBUG:celery.utils.functional:
def unlock_chord(self, group_id, callback, interval=0, max_retries=1, result=2, Result=3, GroupResult=4, result_from_tuple=5, **kwargs):
    return 1

DEBUG:celery.utils.functional:
def chord(self, header, body, partial_args=0, interval=1, countdown=2, max_retries=3, eager=4, **kwargs):
    return 1

DEBUG:celery.utils.functional:
def get_exchange_rates(*args, **kwargs):
    return 1

DEBUG:celery.utils.functional:
def group(self, tasks, result, group_id, partial_args, add_to_parent=0):
    return 1

DEBUG:celery.utils.functional:
def xmap(task, it):
    return 1

DEBUG:celery.utils.functional:
def backend_cleanup():
    return 1

DEBUG:urllib3.connectionpool:Starting new HTTPS connection (1): v6.exchangerate-api.com:443
DEBUG:urllib3.connectionpool:https://v6.exchangerate-api.com:443 "GET /v6/1cb86a7d10b1120477de4a54/latest/azn HTTP/1.1" 200 1540
DEBUG:urllib3.connectionpool:Starting new HTTPS connection (1): v6.exchangerate-api.com:443
DEBUG:urllib3.connectionpool:https://v6.exchangerate-api.com:443 "GET /v6/1cb86a7d10b1120477de4a54/latest/azn HTTP/1.1" 200 1540
DEBUG:celery.utils.functional:
def xstarmap(task, it):
    return 1

DEBUG:celery.utils.functional:
def accumulate(self, *args, **kwargs):
    return 1

DEBUG:celery.utils.functional:
def chain(*args, **kwargs):
    return 1

DEBUG:celery.utils.functional:
def chunks(task, it, n):
    return 1

DEBUG:celery.utils.functional:
def unlock_chord(self, group_id, callback, interval=0, max_retries=1, result=2, Result=3, GroupResult=4, result_from_tuple=5, **kwargs):
    return 1

DEBUG:celery.utils.functional:
def chord(self, header, body, partial_args=0, interval=1, countdown=2, max_retries=3, eager=4, **kwargs):
    return 1

DEBUG:celery.utils.functional:
def group(self, tasks, result, group_id, partial_args, add_to_parent=0):
    return 1

DEBUG:celery.utils.functional:
def xmap(task, it):
    return 1

DEBUG:celery.utils.functional:
def backend_cleanup():
    return 1

DEBUG:celery.utils.functional:
def get_exchange_rates(*args, **kwargs):
    return 1

DEBUG:urllib3.connectionpool:Starting new HTTPS connection (1): v6.exchangerate-api.com:443
DEBUG:urllib3.connectionpool:https://v6.exchangerate-api.com:443 "GET /v6/1cb86a7d10b1120477de4a54/latest/azn HTTP/1.1" 200 1540
DEBUG:urllib3.connectionpool:Starting new HTTPS connection (1): v6.exchangerate-api.com:443
DEBUG:urllib3.connectionpool:https://v6.exchangerate-api.com:443 "GET /v6/1cb86a7d10b1120477de4a54/latest/azn HTTP/1.1" 200 1540
DEBUG:celery.utils.functional:
def xstarmap(task, it):
    return 1

DEBUG:celery.utils.functional:
def accumulate(self, *args, **kwargs):
    return 1

DEBUG:celery.utils.functional:
def chain(*args, **kwargs):
    return 1

DEBUG:celery.utils.functional:
def chunks(task, it, n):
    return 1

DEBUG:celery.utils.functional:
def unlock_chord(self, group_id, callback, interval=0, max_retries=1, result=2, Result=3, GroupResult=4, result_from_tuple=5, **kwargs):
    return 1

DEBUG:celery.utils.functional:
def chord(self, header, body, partial_args=0, interval=1, countdown=2, max_retries=3, eager=4, **kwargs):
    return 1

DEBUG:celery.utils.functional:
def group(self, tasks, result, group_id, partial_args, add_to_parent=0):
    return 1

DEBUG:celery.utils.functional:
def get_exchange_rates(*args, **kwargs):
    return 1

DEBUG:celery.utils.functional:
def xmap(task, it):
    return 1

DEBUG:celery.utils.functional:
def backend_cleanup():
    return 1

DEBUG:urllib3.connectionpool:Starting new HTTPS connection (1): v6.exchangerate-api.com:443
DEBUG:urllib3.connectionpool:https://v6.exchangerate-api.com:443 "GET /v6/1cb86a7d10b1120477de4a54/latest/azn HTTP/1.1" 200 1540
DEBUG:celery.utils.functional:
def xstarmap(task, it):
    return 1

DEBUG:celery.utils.functional:
def accumulate(self, *args, **kwargs):
    return 1

DEBUG:celery.utils.functional:
def chain(*args, **kwargs):
    return 1

DEBUG:celery.utils.functional:
def chunks(task, it, n):
    return 1

DEBUG:celery.utils.functional:
def unlock_chord(self, group_id, callback, interval=0, max_retries=1, result=2, Result=3, GroupResult=4, result_from_tuple=5, **kwargs):
    return 1

DEBUG:celery.utils.functional:
def chord(self, header, body, partial_args=0, interval=1, countdown=2, max_retries=3, eager=4, **kwargs):
    return 1

DEBUG:celery.utils.functional:
def get_exchange_rates(*args, **kwargs):
    return 1

DEBUG:celery.utils.functional:
def group(self, tasks, result, group_id, partial_args, add_to_parent=0):
    return 1

DEBUG:celery.utils.functional:
def xmap(task, it):
    return 1

DEBUG:celery.utils.functional:
def backend_cleanup():
    return 1

DEBUG:urllib3.connectionpool:Starting new HTTPS connection (1): v6.exchangerate-api.com:443
DEBUG:urllib3.connectionpool:https://v6.exchangerate-api.com:443 "GET /v6/1cb86a7d10b1120477de4a54/latest/azn HTTP/1.1" 200 1540
DEBUG:celery.utils.functional:
def xstarmap(task, it):
    return 1

DEBUG:celery.utils.functional:
def accumulate(self, *args, **kwargs):
    return 1

DEBUG:celery.utils.functional:
def chain(*args, **kwargs):
    return 1

DEBUG:celery.utils.functional:
def get_exchange_rates(*args, **kwargs):
    return 1

DEBUG:celery.utils.functional:
def chunks(task, it, n):
    return 1

DEBUG:celery.utils.functional:
def unlock_chord(self, group_id, callback, interval=0, max_retries=1, result=2, Result=3, GroupResult=4, result_from_tuple=5, **kwargs):
    return 1

DEBUG:celery.utils.functional:
def chord(self, header, body, partial_args=0, interval=1, countdown=2, max_retries=3, eager=4, **kwargs):
    return 1

DEBUG:celery.utils.functional:
def group(self, tasks, result, group_id, partial_args, add_to_parent=0):
    return 1

DEBUG:celery.utils.functional:
def xmap(task, it):
    return 1

DEBUG:celery.utils.functional:
def backend_cleanup():
    return 1

DEBUG:urllib3.connectionpool:Starting new HTTPS connection (1): v6.exchangerate-api.com:443
DEBUG:urllib3.connectionpool:https://v6.exchangerate-api.com:443 "GET /v6/1cb86a7d10b1120477de4a54/latest/azn HTTP/1.1" 200 1540
DEBUG:celery.utils.functional:
def xstarmap(task, it):
    return 1

DEBUG:celery.utils.functional:
def accumulate(self, *args, **kwargs):
    return 1

DEBUG:celery.utils.functional:
def chain(*args, **kwargs):
    return 1

DEBUG:celery.utils.functional:
def chunks(task, it, n):
    return 1

DEBUG:celery.utils.functional:
def unlock_chord(self, group_id, callback, interval=0, max_retries=1, result=2, Result=3, GroupResult=4, result_from_tuple=5, **kwargs):
    return 1

DEBUG:celery.utils.functional:
def chord(self, header, body, partial_args=0, interval=1, countdown=2, max_retries=3, eager=4, **kwargs):
    return 1

DEBUG:celery.utils.functional:
def get_exchange_rates(*args, **kwargs):
    return 1

DEBUG:celery.utils.functional:
def group(self, tasks, result, group_id, partial_args, add_to_parent=0):
    return 1

DEBUG:celery.utils.functional:
def xmap(task, it):
    return 1

DEBUG:celery.utils.functional:
def backend_cleanup():
    return 1

DEBUG:urllib3.connectionpool:Starting new HTTPS connection (1): v6.exchangerate-api.com:443
DEBUG:urllib3.connectionpool:https://v6.exchangerate-api.com:443 "GET /v6/1cb86a7d10b1120477de4a54/latest/azn HTTP/1.1" 200 1540
DEBUG:celery.utils.functional:
def xstarmap(task, it):
    return 1

DEBUG:celery.utils.functional:
def accumulate(self, *args, **kwargs):
    return 1

DEBUG:celery.utils.functional:
def chain(*args, **kwargs):
    return 1

DEBUG:celery.utils.functional:
def get_exchange_rates(*args, **kwargs):
    return 1

DEBUG:celery.utils.functional:
def chunks(task, it, n):
    return 1

DEBUG:celery.utils.functional:
def unlock_chord(self, group_id, callback, interval=0, max_retries=1, result=2, Result=3, GroupResult=4, result_from_tuple=5, **kwargs):
    return 1

DEBUG:celery.utils.functional:
def chord(self, header, body, partial_args=0, interval=1, countdown=2, max_retries=3, eager=4, **kwargs):
    return 1

DEBUG:celery.utils.functional:
def group(self, tasks, result, group_id, partial_args, add_to_parent=0):
    return 1

DEBUG:celery.utils.functional:
def xmap(task, it):
    return 1

DEBUG:celery.utils.functional:
def backend_cleanup():
    return 1

DEBUG:urllib3.connectionpool:Starting new HTTPS connection (1): v6.exchangerate-api.com:443
DEBUG:urllib3.connectionpool:https://v6.exchangerate-api.com:443 "GET /v6/1cb86a7d10b1120477de4a54/latest/azn HTTP/1.1" 200 1540
DEBUG:celery.utils.functional:
def xstarmap(task, it):
    return 1

DEBUG:celery.utils.functional:
def accumulate(self, *args, **kwargs):
    return 1

DEBUG:celery.utils.functional:
def chain(*args, **kwargs):
    return 1

DEBUG:celery.utils.functional:
def get_exchange_rates(*args, **kwargs):
    return 1

DEBUG:celery.utils.functional:
def chunks(task, it, n):
    return 1

DEBUG:celery.utils.functional:
def unlock_chord(self, group_id, callback, interval=0, max_retries=1, result=2, Result=3, GroupResult=4, result_from_tuple=5, **kwargs):
    return 1

DEBUG:celery.utils.functional:
def chord(self, header, body, partial_args=0, interval=1, countdown=2, max_retries=3, eager=4, **kwargs):
    return 1

DEBUG:celery.utils.functional:
def group(self, tasks, result, group_id, partial_args, add_to_parent=0):
    return 1

DEBUG:celery.utils.functional:
def xmap(task, it):
    return 1

DEBUG:celery.utils.functional:
def backend_cleanup():
    return 1

DEBUG:urllib3.connectionpool:Starting new HTTPS connection (1): v6.exchangerate-api.com:443
DEBUG:urllib3.connectionpool:https://v6.exchangerate-api.com:443 "GET /v6/1cb86a7d10b1120477de4a54/latest/azn HTTP/1.1" 200 1540
DEBUG:celery.utils.functional:
def xstarmap(task, it):
    return 1

DEBUG:celery.utils.functional:
def accumulate(self, *args, **kwargs):
    return 1

DEBUG:celery.utils.functional:
def chain(*args, **kwargs):
    return 1

DEBUG:celery.utils.functional:
def get_exchange_rates(*args, **kwargs):
    return 1

DEBUG:celery.utils.functional:
def chunks(task, it, n):
    return 1

DEBUG:celery.utils.functional:
def unlock_chord(self, group_id, callback, interval=0, max_retries=1, result=2, Result=3, GroupResult=4, result_from_tuple=5, **kwargs):
    return 1

DEBUG:celery.utils.functional:
def chord(self, header, body, partial_args=0, interval=1, countdown=2, max_retries=3, eager=4, **kwargs):
    return 1

DEBUG:celery.utils.functional:
def group(self, tasks, result, group_id, partial_args, add_to_parent=0):
    return 1

DEBUG:celery.utils.functional:
def xmap(task, it):
    return 1

DEBUG:celery.utils.functional:
def backend_cleanup():
    return 1

DEBUG:urllib3.connectionpool:Starting new HTTPS connection (1): v6.exchangerate-api.com:443
DEBUG:urllib3.connectionpool:https://v6.exchangerate-api.com:443 "GET /v6/1cb86a7d10b1120477de4a54/latest/azn HTTP/1.1" 200 1540
DEBUG:urllib3.connectionpool:Starting new HTTPS connection (1): v6.exchangerate-api.com:443
DEBUG:urllib3.connectionpool:https://v6.exchangerate-api.com:443 "GET /v6/1cb86a7d10b1120477de4a54/latest/azn HTTP/1.1" 200 1540
DEBUG:celery.utils.functional:
def xstarmap(task, it):
    return 1

DEBUG:celery.utils.functional:
def accumulate(self, *args, **kwargs):
    return 1

DEBUG:celery.utils.functional:
def chain(*args, **kwargs):
    return 1

DEBUG:celery.utils.functional:
def chunks(task, it, n):
    return 1

DEBUG:celery.utils.functional:
def unlock_chord(self, group_id, callback, interval=0, max_retries=1, result=2, Result=3, GroupResult=4, result_from_tuple=5, **kwargs):
    return 1

DEBUG:celery.utils.functional:
def chord(self, header, body, partial_args=0, interval=1, countdown=2, max_retries=3, eager=4, **kwargs):
    return 1

DEBUG:celery.utils.functional:
def get_exchange_rates(*args, **kwargs):
    return 1

DEBUG:celery.utils.functional:
def group(self, tasks, result, group_id, partial_args, add_to_parent=0):
    return 1

DEBUG:celery.utils.functional:
def xmap(task, it):
    return 1

DEBUG:celery.utils.functional:
def backend_cleanup():
    return 1

DEBUG:urllib3.connectionpool:Starting new HTTPS connection (1): v6.exchangerate-api.com:443
DEBUG:urllib3.connectionpool:https://v6.exchangerate-api.com:443 "GET /v6/1cb86a7d10b1120477de4a54/latest/azn HTTP/1.1" 200 1540
DEBUG:urllib3.connectionpool:Starting new HTTPS connection (1): v6.exchangerate-api.com:443
DEBUG:urllib3.connectionpool:https://v6.exchangerate-api.com:443 "GET /v6/1cb86a7d10b1120477de4a54/latest/azn HTTP/1.1" 200 1540
DEBUG:celery.utils.functional:
def xstarmap(task, it):
    return 1

DEBUG:celery.utils.functional:
def accumulate(self, *args, **kwargs):
    return 1

DEBUG:celery.utils.functional:
def chain(*args, **kwargs):
    return 1

DEBUG:celery.utils.functional:
def chunks(task, it, n):
    return 1

DEBUG:celery.utils.functional:
def unlock_chord(self, group_id, callback, interval=0, max_retries=1, result=2, Result=3, GroupResult=4, result_from_tuple=5, **kwargs):
    return 1

DEBUG:celery.utils.functional:
def chord(self, header, body, partial_args=0, interval=1, countdown=2, max_retries=3, eager=4, **kwargs):
    return 1

DEBUG:celery.utils.functional:
def get_exchange_rates(*args, **kwargs):
    return 1

DEBUG:celery.utils.functional:
def group(self, tasks, result, group_id, partial_args, add_to_parent=0):
    return 1

DEBUG:celery.utils.functional:
def xmap(task, it):
    return 1

DEBUG:celery.utils.functional:
def backend_cleanup():
    return 1

DEBUG:urllib3.connectionpool:Starting new HTTPS connection (1): v6.exchangerate-api.com:443
DEBUG:urllib3.connectionpool:https://v6.exchangerate-api.com:443 "GET /v6/1cb86a7d10b1120477de4a54/latest/azn HTTP/1.1" 200 1540
DEBUG:urllib3.connectionpool:Starting new HTTPS connection (1): v6.exchangerate-api.com:443
DEBUG:urllib3.connectionpool:https://v6.exchangerate-api.com:443 "GET /v6/1cb86a7d10b1120477de4a54/latest/azn HTTP/1.1" 200 1540
DEBUG:celery.utils.functional:
def xstarmap(task, it):
    return 1

DEBUG:celery.utils.functional:
def accumulate(self, *args, **kwargs):
    return 1

DEBUG:celery.utils.functional:
def chain(*args, **kwargs):
    return 1

DEBUG:celery.utils.functional:
def chunks(task, it, n):
    return 1

DEBUG:celery.utils.functional:
def unlock_chord(self, group_id, callback, interval=0, max_retries=1, result=2, Result=3, GroupResult=4, result_from_tuple=5, **kwargs):
    return 1

DEBUG:celery.utils.functional:
def chord(self, header, body, partial_args=0, interval=1, countdown=2, max_retries=3, eager=4, **kwargs):
    return 1

DEBUG:celery.utils.functional:
def group(self, tasks, result, group_id, partial_args, add_to_parent=0):
    return 1

DEBUG:celery.utils.functional:
def xmap(task, it):
    return 1

DEBUG:celery.utils.functional:
def backend_cleanup():
    return 1

DEBUG:celery.utils.functional:
def get_exchange_rates(*args, **kwargs):
    return 1

DEBUG:urllib3.connectionpool:Starting new HTTPS connection (1): v6.exchangerate-api.com:443
DEBUG:urllib3.connectionpool:https://v6.exchangerate-api.com:443 "GET /v6/1cb86a7d10b1120477de4a54/latest/azn HTTP/1.1" 200 1540
DEBUG:urllib3.connectionpool:Starting new HTTPS connection (1): v6.exchangerate-api.com:443
DEBUG:urllib3.connectionpool:https://v6.exchangerate-api.com:443 "GET /v6/1cb86a7d10b1120477de4a54/latest/azn HTTP/1.1" 200 1540
DEBUG:celery.utils.functional:
def xstarmap(task, it):
    return 1

DEBUG:celery.utils.functional:
def accumulate(self, *args, **kwargs):
    return 1

DEBUG:celery.utils.functional:
def chain(*args, **kwargs):
    return 1

DEBUG:celery.utils.functional:
def chunks(task, it, n):
    return 1

DEBUG:celery.utils.functional:
def unlock_chord(self, group_id, callback, interval=0, max_retries=1, result=2, Result=3, GroupResult=4, result_from_tuple=5, **kwargs):
    return 1

DEBUG:celery.utils.functional:
def chord(self, header, body, partial_args=0, interval=1, countdown=2, max_retries=3, eager=4, **kwargs):
    return 1

DEBUG:celery.utils.functional:
def get_exchange_rates(*args, **kwargs):
    return 1

DEBUG:celery.utils.functional:
def group(self, tasks, result, group_id, partial_args, add_to_parent=0):
    return 1

DEBUG:celery.utils.functional:
def xmap(task, it):
    return 1

DEBUG:celery.utils.functional:
def backend_cleanup():
    return 1

DEBUG:urllib3.connectionpool:Starting new HTTPS connection (1): v6.exchangerate-api.com:443
DEBUG:urllib3.connectionpool:https://v6.exchangerate-api.com:443 "GET /v6/1cb86a7d10b1120477de4a54/latest/azn HTTP/1.1" 200 1540
DEBUG:urllib3.connectionpool:Starting new HTTPS connection (1): v6.exchangerate-api.com:443
DEBUG:urllib3.connectionpool:https://v6.exchangerate-api.com:443 "GET /v6/1cb86a7d10b1120477de4a54/latest/azn HTTP/1.1" 200 1540
DEBUG:celery.utils.functional:
def xstarmap(task, it):
    return 1

DEBUG:celery.utils.functional:
def accumulate(self, *args, **kwargs):
    return 1

DEBUG:celery.utils.functional:
def chain(*args, **kwargs):
    return 1

DEBUG:celery.utils.functional:
def chunks(task, it, n):
    return 1

DEBUG:celery.utils.functional:
def unlock_chord(self, group_id, callback, interval=0, max_retries=1, result=2, Result=3, GroupResult=4, result_from_tuple=5, **kwargs):
    return 1

DEBUG:celery.utils.functional:
def chord(self, header, body, partial_args=0, interval=1, countdown=2, max_retries=3, eager=4, **kwargs):
    return 1

DEBUG:celery.utils.functional:
def group(self, tasks, result, group_id, partial_args, add_to_parent=0):
    return 1

DEBUG:celery.utils.functional:
def xmap(task, it):
    return 1

DEBUG:celery.utils.functional:
def backend_cleanup():
    return 1

DEBUG:celery.utils.functional:
def get_exchange_rates(*args, **kwargs):
    return 1

DEBUG:urllib3.connectionpool:Starting new HTTPS connection (1): v6.exchangerate-api.com:443
DEBUG:urllib3.connectionpool:https://v6.exchangerate-api.com:443 "GET /v6/1cb86a7d10b1120477de4a54/latest/azn HTTP/1.1" 200 1540
DEBUG:urllib3.connectionpool:Starting new HTTPS connection (1): v6.exchangerate-api.com:443
DEBUG:urllib3.connectionpool:https://v6.exchangerate-api.com:443 "GET /v6/1cb86a7d10b1120477de4a54/latest/azn HTTP/1.1" 200 1540
DEBUG:urllib3.connectionpool:Starting new HTTPS connection (1): v6.exchangerate-api.com:443
DEBUG:urllib3.connectionpool:https://v6.exchangerate-api.com:443 "GET /v6/1cb86a7d10b1120477de4a54/latest/USD HTTP/1.1" 200 1569
INFO:root:Converted amount: 18.6989
DEBUG:celery.utils.functional:
def xstarmap(task, it):
    return 1

DEBUG:celery.utils.functional:
def accumulate(self, *args, **kwargs):
    return 1

DEBUG:celery.utils.functional:
def chain(*args, **kwargs):
    return 1

DEBUG:celery.utils.functional:
def chunks(task, it, n):
    return 1

DEBUG:celery.utils.functional:
def unlock_chord(self, group_id, callback, interval=0, max_retries=1, result=2, Result=3, GroupResult=4, result_from_tuple=5, **kwargs):
    return 1

DEBUG:celery.utils.functional:
def chord(self, header, body, partial_args=0, interval=1, countdown=2, max_retries=3, eager=4, **kwargs):
    return 1

DEBUG:celery.utils.functional:
def group(self, tasks, result, group_id, partial_args, add_to_parent=0):
    return 1

DEBUG:celery.utils.functional:
def xmap(task, it):
    return 1

DEBUG:celery.utils.functional:
def backend_cleanup():
    return 1

DEBUG:celery.utils.functional:
def get_exchange_rates(*args, **kwargs):
    return 1

DEBUG:urllib3.connectionpool:Starting new HTTPS connection (1): v6.exchangerate-api.com:443
DEBUG:urllib3.connectionpool:https://v6.exchangerate-api.com:443 "GET /v6/1cb86a7d10b1120477de4a54/latest/azn HTTP/1.1" 200 1540
DEBUG:urllib3.connectionpool:Starting new HTTPS connection (1): v6.exchangerate-api.com:443
DEBUG:urllib3.connectionpool:https://v6.exchangerate-api.com:443 "GET /v6/1cb86a7d10b1120477de4a54/latest/azn HTTP/1.1" 200 1540
DEBUG:celery.utils.functional:
def xstarmap(task, it):
    return 1

DEBUG:celery.utils.functional:
def accumulate(self, *args, **kwargs):
    return 1

DEBUG:celery.utils.functional:
def chain(*args, **kwargs):
    return 1

DEBUG:celery.utils.functional:
def chunks(task, it, n):
    return 1

DEBUG:celery.utils.functional:
def unlock_chord(self, group_id, callback, interval=0, max_retries=1, result=2, Result=3, GroupResult=4, result_from_tuple=5, **kwargs):
    return 1

DEBUG:celery.utils.functional:
def chord(self, header, body, partial_args=0, interval=1, countdown=2, max_retries=3, eager=4, **kwargs):
    return 1

DEBUG:celery.utils.functional:
def get_exchange_rates(*args, **kwargs):
    return 1

DEBUG:celery.utils.functional:
def group(self, tasks, result, group_id, partial_args, add_to_parent=0):
    return 1

DEBUG:celery.utils.functional:
def xmap(task, it):
    return 1

DEBUG:celery.utils.functional:
def backend_cleanup():
    return 1

DEBUG:urllib3.connectionpool:Starting new HTTPS connection (1): v6.exchangerate-api.com:443
DEBUG:urllib3.connectionpool:https://v6.exchangerate-api.com:443 "GET /v6/1cb86a7d10b1120477de4a54/latest/azn HTTP/1.1" 200 1540
DEBUG:urllib3.connectionpool:Starting new HTTPS connection (1): v6.exchangerate-api.com:443
DEBUG:urllib3.connectionpool:https://v6.exchangerate-api.com:443 "GET /v6/1cb86a7d10b1120477de4a54/latest/azn HTTP/1.1" 200 1540
INFO:django.utils.autoreload:/Users/kamranaghamoghlanov/Desktop/currency_converter/currency_converter/settings.py changed, reloading.
INFO:django.utils.autoreload:/Users/kamranaghamoghlanov/Desktop/currency_converter/currency_converter/settings.py changed, reloading.
INFO:django.utils.autoreload:/Users/kamranaghamoghlanov/Desktop/currency_converter/currency_converter/settings.py changed, reloading.
DEBUG:celery.utils.functional:
def xstarmap(task, it):
    return 1

DEBUG:celery.utils.functional:
def accumulate(self, *args, **kwargs):
    return 1

DEBUG:celery.utils.functional:
def chain(*args, **kwargs):
    return 1

DEBUG:celery.utils.functional:
def get_exchange_rates(*args, **kwargs):
    return 1

DEBUG:celery.utils.functional:
def chunks(task, it, n):
    return 1

DEBUG:celery.utils.functional:
def unlock_chord(self, group_id, callback, interval=0, max_retries=1, result=2, Result=3, GroupResult=4, result_from_tuple=5, **kwargs):
    return 1

DEBUG:celery.utils.functional:
def chord(self, header, body, partial_args=0, interval=1, countdown=2, max_retries=3, eager=4, **kwargs):
    return 1

DEBUG:celery.utils.functional:
def group(self, tasks, result, group_id, partial_args, add_to_parent=0):
    return 1

DEBUG:celery.utils.functional:
def xmap(task, it):
    return 1

DEBUG:celery.utils.functional:
def backend_cleanup():
    return 1

DEBUG:urllib3.connectionpool:Starting new HTTPS connection (1): v6.exchangerate-api.com:443
DEBUG:urllib3.connectionpool:https://v6.exchangerate-api.com:443 "GET /v6/1cb86a7d10b1120477de4a54/latest/azn HTTP/1.1" 200 1540
DEBUG:urllib3.connectionpool:Starting new HTTPS connection (1): v6.exchangerate-api.com:443
DEBUG:urllib3.connectionpool:https://v6.exchangerate-api.com:443 "GET /v6/1cb86a7d10b1120477de4a54/latest/azn HTTP/1.1" 200 1540
DEBUG:celery.utils.functional:
def xstarmap(task, it):
    return 1

DEBUG:celery.utils.functional:
def accumulate(self, *args, **kwargs):
    return 1

DEBUG:celery.utils.functional:
def chain(*args, **kwargs):
    return 1

DEBUG:celery.utils.functional:
def chunks(task, it, n):
    return 1

DEBUG:celery.utils.functional:
def unlock_chord(self, group_id, callback, interval=0, max_retries=1, result=2, Result=3, GroupResult=4, result_from_tuple=5, **kwargs):
    return 1

DEBUG:celery.utils.functional:
def chord(self, header, body, partial_args=0, interval=1, countdown=2, max_retries=3, eager=4, **kwargs):
    return 1

DEBUG:celery.utils.functional:
def get_exchange_rates(*args, **kwargs):
    return 1

DEBUG:celery.utils.functional:
def group(self, tasks, result, group_id, partial_args, add_to_parent=0):
    return 1

DEBUG:celery.utils.functional:
def xmap(task, it):
    return 1

DEBUG:celery.utils.functional:
def backend_cleanup():
    return 1

DEBUG:urllib3.connectionpool:Starting new HTTPS connection (1): v6.exchangerate-api.com:443
DEBUG:urllib3.connectionpool:https://v6.exchangerate-api.com:443 "GET /v6/1cb86a7d10b1120477de4a54/latest/azn HTTP/1.1" 200 1540
DEBUG:urllib3.connectionpool:Starting new HTTPS connection (1): v6.exchangerate-api.com:443
DEBUG:urllib3.connectionpool:https://v6.exchangerate-api.com:443 "GET /v6/1cb86a7d10b1120477de4a54/latest/azn HTTP/1.1" 200 1540
INFO:django.utils.autoreload:/Users/kamranaghamoghlanov/Desktop/currency_converter/currency_converter/settings.py changed, reloading.
INFO:django.utils.autoreload:/Users/kamranaghamoghlanov/Desktop/currency_converter/currency_converter/settings.py changed, reloading.
DEBUG:celery.utils.functional:
def xstarmap(task, it):
    return 1

DEBUG:celery.utils.functional:
def accumulate(self, *args, **kwargs):
    return 1

DEBUG:celery.utils.functional:
def chain(*args, **kwargs):
    return 1

DEBUG:celery.utils.functional:
def chunks(task, it, n):
    return 1

DEBUG:celery.utils.functional:
def unlock_chord(self, group_id, callback, interval=0, max_retries=1, result=2, Result=3, GroupResult=4, result_from_tuple=5, **kwargs):
    return 1

DEBUG:celery.utils.functional:
def chord(self, header, body, partial_args=0, interval=1, countdown=2, max_retries=3, eager=4, **kwargs):
    return 1

DEBUG:celery.utils.functional:
def get_exchange_rates(*args, **kwargs):
    return 1

DEBUG:celery.utils.functional:
def group(self, tasks, result, group_id, partial_args, add_to_parent=0):
    return 1

DEBUG:celery.utils.functional:
def xmap(task, it):
    return 1

DEBUG:celery.utils.functional:
def backend_cleanup():
    return 1

DEBUG:urllib3.connectionpool:Starting new HTTPS connection (1): v6.exchangerate-api.com:443
DEBUG:urllib3.connectionpool:https://v6.exchangerate-api.com:443 "GET /v6/1cb86a7d10b1120477de4a54/latest/azn HTTP/1.1" 200 1540
DEBUG:urllib3.connectionpool:Starting new HTTPS connection (1): v6.exchangerate-api.com:443
DEBUG:urllib3.connectionpool:https://v6.exchangerate-api.com:443 "GET /v6/1cb86a7d10b1120477de4a54/latest/azn HTTP/1.1" 200 1540
DEBUG:celery.utils.functional:
def xstarmap(task, it):
    return 1

DEBUG:celery.utils.functional:
def accumulate(self, *args, **kwargs):
    return 1

DEBUG:celery.utils.functional:
def chain(*args, **kwargs):
    return 1

DEBUG:celery.utils.functional:
def chunks(task, it, n):
    return 1

DEBUG:celery.utils.functional:
def unlock_chord(self, group_id, callback, interval=0, max_retries=1, result=2, Result=3, GroupResult=4, result_from_tuple=5, **kwargs):
    return 1

DEBUG:celery.utils.functional:
def chord(self, header, body, partial_args=0, interval=1, countdown=2, max_retries=3, eager=4, **kwargs):
    return 1

DEBUG:celery.utils.functional:
def group(self, tasks, result, group_id, partial_args, add_to_parent=0):
    return 1

DEBUG:celery.utils.functional:
def xmap(task, it):
    return 1

DEBUG:celery.utils.functional:
def backend_cleanup():
    return 1

DEBUG:celery.utils.functional:
def get_exchange_rates(*args, **kwargs):
    return 1

DEBUG:urllib3.connectionpool:Starting new HTTPS connection (1): v6.exchangerate-api.com:443
DEBUG:urllib3.connectionpool:https://v6.exchangerate-api.com:443 "GET /v6/1cb86a7d10b1120477de4a54/latest/azn HTTP/1.1" 200 1540
DEBUG:urllib3.connectionpool:Starting new HTTPS connection (1): v6.exchangerate-api.com:443
DEBUG:urllib3.connectionpool:https://v6.exchangerate-api.com:443 "GET /v6/1cb86a7d10b1120477de4a54/latest/azn HTTP/1.1" 200 1540
DEBUG:celery.utils.functional:
def xstarmap(task, it):
    return 1

DEBUG:celery.utils.functional:
def accumulate(self, *args, **kwargs):
    return 1

DEBUG:celery.utils.functional:
def chain(*args, **kwargs):
    return 1

DEBUG:celery.utils.functional:
def chunks(task, it, n):
    return 1

DEBUG:celery.utils.functional:
def unlock_chord(self, group_id, callback, interval=0, max_retries=1, result=2, Result=3, GroupResult=4, result_from_tuple=5, **kwargs):
    return 1

DEBUG:celery.utils.functional:
def chord(self, header, body, partial_args=0, interval=1, countdown=2, max_retries=3, eager=4, **kwargs):
    return 1

DEBUG:celery.utils.functional:
def group(self, tasks, result, group_id, partial_args, add_to_parent=0):
    return 1

DEBUG:celery.utils.functional:
def get_exchange_rates(*args, **kwargs):
    return 1

DEBUG:celery.utils.functional:
def xmap(task, it):
    return 1

DEBUG:celery.utils.functional:
def backend_cleanup():
    return 1

DEBUG:urllib3.connectionpool:Starting new HTTPS connection (1): v6.exchangerate-api.com:443
DEBUG:urllib3.connectionpool:https://v6.exchangerate-api.com:443 "GET /v6/1cb86a7d10b1120477de4a54/latest/azn HTTP/1.1" 200 1540
DEBUG:urllib3.connectionpool:Starting new HTTPS connection (1): v6.exchangerate-api.com:443
DEBUG:urllib3.connectionpool:https://v6.exchangerate-api.com:443 "GET /v6/1cb86a7d10b1120477de4a54/latest/azn HTTP/1.1" 200 1540
DEBUG:celery.utils.functional:
def xstarmap(task, it):
    return 1

DEBUG:celery.utils.functional:
def accumulate(self, *args, **kwargs):
    return 1

DEBUG:celery.utils.functional:
def chain(*args, **kwargs):
    return 1

DEBUG:celery.utils.functional:
def chunks(task, it, n):
    return 1

DEBUG:celery.utils.functional:
def unlock_chord(self, group_id, callback, interval=0, max_retries=1, result=2, Result=3, GroupResult=4, result_from_tuple=5, **kwargs):
    return 1

DEBUG:celery.utils.functional:
def chord(self, header, body, partial_args=0, interval=1, countdown=2, max_retries=3, eager=4, **kwargs):
    return 1

DEBUG:celery.utils.functional:
def group(self, tasks, result, group_id, partial_args, add_to_parent=0):
    return 1

DEBUG:celery.utils.functional:
def xmap(task, it):
    return 1

DEBUG:celery.utils.functional:
def backend_cleanup():
    return 1

DEBUG:celery.utils.functional:
def get_exchange_rates(*args, **kwargs):
    return 1

DEBUG:urllib3.connectionpool:Starting new HTTPS connection (1): v6.exchangerate-api.com:443
DEBUG:urllib3.connectionpool:https://v6.exchangerate-api.com:443 "GET /v6/1cb86a7d10b1120477de4a54/latest/azn HTTP/1.1" 200 1540
DEBUG:urllib3.connectionpool:Starting new HTTPS connection (1): v6.exchangerate-api.com:443
DEBUG:urllib3.connectionpool:https://v6.exchangerate-api.com:443 "GET /v6/1cb86a7d10b1120477de4a54/latest/azn HTTP/1.1" 200 1540
DEBUG:celery.utils.functional:
def xstarmap(task, it):
    return 1

DEBUG:celery.utils.functional:
def accumulate(self, *args, **kwargs):
    return 1

DEBUG:celery.utils.functional:
def chain(*args, **kwargs):
    return 1

DEBUG:celery.utils.functional:
def chunks(task, it, n):
    return 1

DEBUG:celery.utils.functional:
def unlock_chord(self, group_id, callback, interval=0, max_retries=1, result=2, Result=3, GroupResult=4, result_from_tuple=5, **kwargs):
    return 1

DEBUG:celery.utils.functional:
def chord(self, header, body, partial_args=0, interval=1, countdown=2, max_retries=3, eager=4, **kwargs):
    return 1

DEBUG:celery.utils.functional:
def group(self, tasks, result, group_id, partial_args, add_to_parent=0):
    return 1

DEBUG:celery.utils.functional:
def xmap(task, it):
    return 1

DEBUG:celery.utils.functional:
def backend_cleanup():
    return 1

DEBUG:celery.utils.functional:
def get_exchange_rates(*args, **kwargs):
    return 1

DEBUG:urllib3.connectionpool:Starting new HTTPS connection (1): v6.exchangerate-api.com:443
DEBUG:urllib3.connectionpool:https://v6.exchangerate-api.com:443 "GET /v6/1cb86a7d10b1120477de4a54/latest/azn HTTP/1.1" 200 1540
DEBUG:urllib3.connectionpool:Starting new HTTPS connection (1): v6.exchangerate-api.com:443
DEBUG:urllib3.connectionpool:https://v6.exchangerate-api.com:443 "GET /v6/1cb86a7d10b1120477de4a54/latest/azn HTTP/1.1" 200 1540
DEBUG:celery.utils.functional:
def xstarmap(task, it):
    return 1

DEBUG:celery.utils.functional:
def accumulate(self, *args, **kwargs):
    return 1

DEBUG:celery.utils.functional:
def chain(*args, **kwargs):
    return 1

DEBUG:celery.utils.functional:
def chunks(task, it, n):
    return 1

DEBUG:celery.utils.functional:
def unlock_chord(self, group_id, callback, interval=0, max_retries=1, result=2, Result=3, GroupResult=4, result_from_tuple=5, **kwargs):
    return 1

DEBUG:celery.utils.functional:
def chord(self, header, body, partial_args=0, interval=1, countdown=2, max_retries=3, eager=4, **kwargs):
    return 1

DEBUG:celery.utils.functional:
def get_exchange_rates(*args, **kwargs):
    return 1

DEBUG:celery.utils.functional:
def group(self, tasks, result, group_id, partial_args, add_to_parent=0):
    return 1

DEBUG:celery.utils.functional:
def xmap(task, it):
    return 1

DEBUG:celery.utils.functional:
def backend_cleanup():
    return 1

DEBUG:urllib3.connectionpool:Starting new HTTPS connection (1): v6.exchangerate-api.com:443
DEBUG:urllib3.connectionpool:https://v6.exchangerate-api.com:443 "GET /v6/1cb86a7d10b1120477de4a54/latest/azn HTTP/1.1" 200 1540
DEBUG:urllib3.connectionpool:Starting new HTTPS connection (1): v6.exchangerate-api.com:443
DEBUG:urllib3.connectionpool:https://v6.exchangerate-api.com:443 "GET /v6/1cb86a7d10b1120477de4a54/latest/azn HTTP/1.1" 200 1540
DEBUG:celery.utils.functional:
def xstarmap(task, it):
    return 1

DEBUG:celery.utils.functional:
def accumulate(self, *args, **kwargs):
    return 1

DEBUG:celery.utils.functional:
def chain(*args, **kwargs):
    return 1

DEBUG:celery.utils.functional:
def chunks(task, it, n):
    return 1

DEBUG:celery.utils.functional:
def get_exchange_rates(*args, **kwargs):
    return 1

DEBUG:celery.utils.functional:
def unlock_chord(self, group_id, callback, interval=0, max_retries=1, result=2, Result=3, GroupResult=4, result_from_tuple=5, **kwargs):
    return 1

DEBUG:celery.utils.functional:
def chord(self, header, body, partial_args=0, interval=1, countdown=2, max_retries=3, eager=4, **kwargs):
    return 1

DEBUG:celery.utils.functional:
def group(self, tasks, result, group_id, partial_args, add_to_parent=0):
    return 1

DEBUG:celery.utils.functional:
def xmap(task, it):
    return 1

DEBUG:celery.utils.functional:
def backend_cleanup():
    return 1

DEBUG:urllib3.connectionpool:Starting new HTTPS connection (1): v6.exchangerate-api.com:443
DEBUG:urllib3.connectionpool:https://v6.exchangerate-api.com:443 "GET /v6/1cb86a7d10b1120477de4a54/latest/azn HTTP/1.1" 200 1540
DEBUG:urllib3.connectionpool:Starting new HTTPS connection (1): v6.exchangerate-api.com:443
DEBUG:urllib3.connectionpool:https://v6.exchangerate-api.com:443 "GET /v6/1cb86a7d10b1120477de4a54/latest/azn HTTP/1.1" 200 1540
DEBUG:celery.utils.functional:
def xstarmap(task, it):
    return 1

DEBUG:celery.utils.functional:
def accumulate(self, *args, **kwargs):
    return 1

DEBUG:celery.utils.functional:
def chain(*args, **kwargs):
    return 1

DEBUG:celery.utils.functional:
def chunks(task, it, n):
    return 1

DEBUG:celery.utils.functional:
def unlock_chord(self, group_id, callback, interval=0, max_retries=1, result=2, Result=3, GroupResult=4, result_from_tuple=5, **kwargs):
    return 1

DEBUG:celery.utils.functional:
def chord(self, header, body, partial_args=0, interval=1, countdown=2, max_retries=3, eager=4, **kwargs):
    return 1

DEBUG:celery.utils.functional:
def group(self, tasks, result, group_id, partial_args, add_to_parent=0):
    return 1

DEBUG:celery.utils.functional:
def xmap(task, it):
    return 1

DEBUG:celery.utils.functional:
def backend_cleanup():
    return 1

DEBUG:celery.utils.functional:
def get_exchange_rates(*args, **kwargs):
    return 1

DEBUG:urllib3.connectionpool:Starting new HTTPS connection (1): v6.exchangerate-api.com:443
DEBUG:urllib3.connectionpool:https://v6.exchangerate-api.com:443 "GET /v6/1cb86a7d10b1120477de4a54/latest/azn HTTP/1.1" 200 1540
DEBUG:urllib3.connectionpool:Starting new HTTPS connection (1): v6.exchangerate-api.com:443
DEBUG:urllib3.connectionpool:https://v6.exchangerate-api.com:443 "GET /v6/1cb86a7d10b1120477de4a54/latest/azn HTTP/1.1" 200 1540
DEBUG:celery.utils.functional:
def xstarmap(task, it):
    return 1

DEBUG:celery.utils.functional:
def accumulate(self, *args, **kwargs):
    return 1

DEBUG:celery.utils.functional:
def chain(*args, **kwargs):
    return 1

DEBUG:celery.utils.functional:
def chunks(task, it, n):
    return 1

DEBUG:celery.utils.functional:
def unlock_chord(self, group_id, callback, interval=0, max_retries=1, result=2, Result=3, GroupResult=4, result_from_tuple=5, **kwargs):
    return 1

DEBUG:celery.utils.functional:
def chord(self, header, body, partial_args=0, interval=1, countdown=2, max_retries=3, eager=4, **kwargs):
    return 1

DEBUG:celery.utils.functional:
def group(self, tasks, result, group_id, partial_args, add_to_parent=0):
    return 1

DEBUG:celery.utils.functional:
def xmap(task, it):
    return 1

DEBUG:celery.utils.functional:
def backend_cleanup():
    return 1

DEBUG:celery.utils.functional:
def get_exchange_rates(*args, **kwargs):
    return 1

DEBUG:urllib3.connectionpool:Starting new HTTPS connection (1): v6.exchangerate-api.com:443
DEBUG:urllib3.connectionpool:https://v6.exchangerate-api.com:443 "GET /v6/1cb86a7d10b1120477de4a54/latest/azn HTTP/1.1" 200 1540
DEBUG:urllib3.connectionpool:Starting new HTTPS connection (1): v6.exchangerate-api.com:443
DEBUG:urllib3.connectionpool:https://v6.exchangerate-api.com:443 "GET /v6/1cb86a7d10b1120477de4a54/latest/azn HTTP/1.1" 200 1540
DEBUG:celery.utils.functional:
def xstarmap(task, it):
    return 1

DEBUG:celery.utils.functional:
def accumulate(self, *args, **kwargs):
    return 1

DEBUG:celery.utils.functional:
def chain(*args, **kwargs):
    return 1

DEBUG:celery.utils.functional:
def chunks(task, it, n):
    return 1

DEBUG:celery.utils.functional:
def unlock_chord(self, group_id, callback, interval=0, max_retries=1, result=2, Result=3, GroupResult=4, result_from_tuple=5, **kwargs):
    return 1

DEBUG:celery.utils.functional:
def chord(self, header, body, partial_args=0, interval=1, countdown=2, max_retries=3, eager=4, **kwargs):
    return 1

DEBUG:celery.utils.functional:
def get_exchange_rates(*args, **kwargs):
    return 1

DEBUG:celery.utils.functional:
def group(self, tasks, result, group_id, partial_args, add_to_parent=0):
    return 1

DEBUG:celery.utils.functional:
def xmap(task, it):
    return 1

DEBUG:celery.utils.functional:
def backend_cleanup():
    return 1

DEBUG:urllib3.connectionpool:Starting new HTTPS connection (1): v6.exchangerate-api.com:443
DEBUG:urllib3.connectionpool:https://v6.exchangerate-api.com:443 "GET /v6/1cb86a7d10b1120477de4a54/latest/azn HTTP/1.1" 200 1540
DEBUG:urllib3.connectionpool:Starting new HTTPS connection (1): v6.exchangerate-api.com:443
DEBUG:urllib3.connectionpool:https://v6.exchangerate-api.com:443 "GET /v6/1cb86a7d10b1120477de4a54/latest/azn HTTP/1.1" 200 1540
DEBUG:celery.utils.functional:
def xstarmap(task, it):
    return 1

DEBUG:celery.utils.functional:
def accumulate(self, *args, **kwargs):
    return 1

DEBUG:celery.utils.functional:
def chain(*args, **kwargs):
    return 1

DEBUG:celery.utils.functional:
def chunks(task, it, n):
    return 1

DEBUG:celery.utils.functional:
def unlock_chord(self, group_id, callback, interval=0, max_retries=1, result=2, Result=3, GroupResult=4, result_from_tuple=5, **kwargs):
    return 1

DEBUG:celery.utils.functional:
def chord(self, header, body, partial_args=0, interval=1, countdown=2, max_retries=3, eager=4, **kwargs):
    return 1

DEBUG:celery.utils.functional:
def get_exchange_rates(*args, **kwargs):
    return 1

DEBUG:celery.utils.functional:
def group(self, tasks, result, group_id, partial_args, add_to_parent=0):
    return 1

DEBUG:celery.utils.functional:
def xmap(task, it):
    return 1

DEBUG:celery.utils.functional:
def backend_cleanup():
    return 1

DEBUG:urllib3.connectionpool:Starting new HTTPS connection (1): v6.exchangerate-api.com:443
DEBUG:urllib3.connectionpool:https://v6.exchangerate-api.com:443 "GET /v6/1cb86a7d10b1120477de4a54/latest/azn HTTP/1.1" 200 1548
DEBUG:urllib3.connectionpool:Starting new HTTPS connection (1): v6.exchangerate-api.com:443
DEBUG:urllib3.connectionpool:https://v6.exchangerate-api.com:443 "GET /v6/1cb86a7d10b1120477de4a54/latest/azn HTTP/1.1" 200 1548
DEBUG:celery.utils.functional:
def xstarmap(task, it):
    return 1

DEBUG:celery.utils.functional:
def accumulate(self, *args, **kwargs):
    return 1

DEBUG:celery.utils.functional:
def chain(*args, **kwargs):
    return 1

DEBUG:celery.utils.functional:
def chunks(task, it, n):
    return 1

DEBUG:celery.utils.functional:
def unlock_chord(self, group_id, callback, interval=0, max_retries=1, result=2, Result=3, GroupResult=4, result_from_tuple=5, **kwargs):
    return 1

DEBUG:celery.utils.functional:
def chord(self, header, body, partial_args=0, interval=1, countdown=2, max_retries=3, eager=4, **kwargs):
    return 1

DEBUG:celery.utils.functional:
def get_exchange_rates(*args, **kwargs):
    return 1

DEBUG:celery.utils.functional:
def group(self, tasks, result, group_id, partial_args, add_to_parent=0):
    return 1

DEBUG:celery.utils.functional:
def xmap(task, it):
    return 1

DEBUG:celery.utils.functional:
def backend_cleanup():
    return 1

DEBUG:urllib3.connectionpool:Starting new HTTPS connection (1): v6.exchangerate-api.com:443
DEBUG:urllib3.connectionpool:https://v6.exchangerate-api.com:443 "GET /v6/1cb86a7d10b1120477de4a54/latest/azn HTTP/1.1" 200 1542
DEBUG:urllib3.connectionpool:Starting new HTTPS connection (1): v6.exchangerate-api.com:443
DEBUG:urllib3.connectionpool:https://v6.exchangerate-api.com:443 "GET /v6/1cb86a7d10b1120477de4a54/latest/azn HTTP/1.1" 200 1542
DEBUG:celery.utils.functional:
def xstarmap(task, it):
    return 1

DEBUG:celery.utils.functional:
def accumulate(self, *args, **kwargs):
    return 1

DEBUG:celery.utils.functional:
def chain(*args, **kwargs):
    return 1

DEBUG:celery.utils.functional:
def chunks(task, it, n):
    return 1

DEBUG:celery.utils.functional:
def get_exchange_rates(*args, **kwargs):
    return 1

DEBUG:celery.utils.functional:
def unlock_chord(self, group_id, callback, interval=0, max_retries=1, result=2, Result=3, GroupResult=4, result_from_tuple=5, **kwargs):
    return 1

DEBUG:celery.utils.functional:
def chord(self, header, body, partial_args=0, interval=1, countdown=2, max_retries=3, eager=4, **kwargs):
    return 1

DEBUG:celery.utils.functional:
def group(self, tasks, result, group_id, partial_args, add_to_parent=0):
    return 1

DEBUG:celery.utils.functional:
def xmap(task, it):
    return 1

DEBUG:celery.utils.functional:
def backend_cleanup():
    return 1

DEBUG:urllib3.connectionpool:Starting new HTTPS connection (1): v6.exchangerate-api.com:443
DEBUG:urllib3.connectionpool:https://v6.exchangerate-api.com:443 "GET /v6/1cb86a7d10b1120477de4a54/latest/azn HTTP/1.1" 200 1542
DEBUG:urllib3.connectionpool:Starting new HTTPS connection (1): v6.exchangerate-api.com:443
DEBUG:urllib3.connectionpool:https://v6.exchangerate-api.com:443 "GET /v6/1cb86a7d10b1120477de4a54/latest/azn HTTP/1.1" 200 1542
DEBUG:urllib3.connectionpool:Starting new HTTPS connection (1): v6.exchangerate-api.com:443
DEBUG:urllib3.connectionpool:https://v6.exchangerate-api.com:443 "GET /v6/1cb86a7d10b1120477de4a54/latest/USD HTTP/1.1" 200 1567
INFO:root:Converted amount: 170.07
DEBUG:urllib3.connectionpool:Starting new HTTPS connection (1): v6.exchangerate-api.com:443
DEBUG:urllib3.connectionpool:https://v6.exchangerate-api.com:443 "GET /v6/1cb86a7d10b1120477de4a54/latest/TRY HTTP/1.1" 200 1446
INFO:root:Converted amount: 52040.0
DEBUG:celery.utils.functional:
def xstarmap(task, it):
    return 1

DEBUG:celery.utils.functional:
def accumulate(self, *args, **kwargs):
    return 1

DEBUG:celery.utils.functional:
def chain(*args, **kwargs):
    return 1

DEBUG:celery.utils.functional:
def chunks(task, it, n):
    return 1

DEBUG:celery.utils.functional:
def unlock_chord(self, group_id, callback, interval=0, max_retries=1, result=2, Result=3, GroupResult=4, result_from_tuple=5, **kwargs):
    return 1

DEBUG:celery.utils.functional:
def chord(self, header, body, partial_args=0, interval=1, countdown=2, max_retries=3, eager=4, **kwargs):
    return 1

DEBUG:celery.utils.functional:
def get_exchange_rates(*args, **kwargs):
    return 1

DEBUG:celery.utils.functional:
def group(self, tasks, result, group_id, partial_args, add_to_parent=0):
    return 1

DEBUG:celery.utils.functional:
def xmap(task, it):
    return 1

DEBUG:celery.utils.functional:
def backend_cleanup():
    return 1

DEBUG:urllib3.connectionpool:Starting new HTTPS connection (1): v6.exchangerate-api.com:443
DEBUG:urllib3.connectionpool:https://v6.exchangerate-api.com:443 "GET /v6/1cb86a7d10b1120477de4a54/latest/azn HTTP/1.1" 200 1542
DEBUG:urllib3.connectionpool:Starting new HTTPS connection (1): v6.exchangerate-api.com:443
DEBUG:urllib3.connectionpool:https://v6.exchangerate-api.com:443 "GET /v6/1cb86a7d10b1120477de4a54/latest/azn HTTP/1.1" 200 1542
DEBUG:celery.utils.functional:
def xstarmap(task, it):
    return 1

DEBUG:celery.utils.functional:
def accumulate(self, *args, **kwargs):
    return 1

DEBUG:celery.utils.functional:
def chain(*args, **kwargs):
    return 1

DEBUG:celery.utils.functional:
def chunks(task, it, n):
    return 1

DEBUG:celery.utils.functional:
def unlock_chord(self, group_id, callback, interval=0, max_retries=1, result=2, Result=3, GroupResult=4, result_from_tuple=5, **kwargs):
    return 1

DEBUG:celery.utils.functional:
def chord(self, header, body, partial_args=0, interval=1, countdown=2, max_retries=3, eager=4, **kwargs):
    return 1

DEBUG:celery.utils.functional:
def group(self, tasks, result, group_id, partial_args, add_to_parent=0):
    return 1

DEBUG:celery.utils.functional:
def xmap(task, it):
    return 1

DEBUG:celery.utils.functional:
def backend_cleanup():
    return 1

DEBUG:celery.utils.functional:
def get_exchange_rates(*args, **kwargs):
    return 1

DEBUG:urllib3.connectionpool:Starting new HTTPS connection (1): v6.exchangerate-api.com:443
DEBUG:urllib3.connectionpool:https://v6.exchangerate-api.com:443 "GET /v6/1cb86a7d10b1120477de4a54/latest/azn HTTP/1.1" 200 1542
DEBUG:urllib3.connectionpool:Starting new HTTPS connection (1): v6.exchangerate-api.com:443
DEBUG:urllib3.connectionpool:https://v6.exchangerate-api.com:443 "GET /v6/1cb86a7d10b1120477de4a54/latest/azn HTTP/1.1" 200 1542
DEBUG:celery.utils.functional:
def xstarmap(task, it):
    return 1

DEBUG:celery.utils.functional:
def accumulate(self, *args, **kwargs):
    return 1

DEBUG:celery.utils.functional:
def chain(*args, **kwargs):
    return 1

DEBUG:celery.utils.functional:
def chunks(task, it, n):
    return 1

DEBUG:celery.utils.functional:
def unlock_chord(self, group_id, callback, interval=0, max_retries=1, result=2, Result=3, GroupResult=4, result_from_tuple=5, **kwargs):
    return 1

DEBUG:celery.utils.functional:
def chord(self, header, body, partial_args=0, interval=1, countdown=2, max_retries=3, eager=4, **kwargs):
    return 1

DEBUG:celery.utils.functional:
def get_exchange_rates(*args, **kwargs):
    return 1

DEBUG:celery.utils.functional:
def group(self, tasks, result, group_id, partial_args, add_to_parent=0):
    return 1

DEBUG:celery.utils.functional:
def xmap(task, it):
    return 1

DEBUG:celery.utils.functional:
def backend_cleanup():
    return 1

DEBUG:urllib3.connectionpool:Starting new HTTPS connection (1): v6.exchangerate-api.com:443
DEBUG:urllib3.connectionpool:https://v6.exchangerate-api.com:443 "GET /v6/1cb86a7d10b1120477de4a54/latest/azn HTTP/1.1" 200 1542
DEBUG:urllib3.connectionpool:Starting new HTTPS connection (1): v6.exchangerate-api.com:443
DEBUG:urllib3.connectionpool:https://v6.exchangerate-api.com:443 "GET /v6/1cb86a7d10b1120477de4a54/latest/azn HTTP/1.1" 200 1542
DEBUG:celery.utils.functional:
def xstarmap(task, it):
    return 1

DEBUG:celery.utils.functional:
def accumulate(self, *args, **kwargs):
    return 1

DEBUG:celery.utils.functional:
def chain(*args, **kwargs):
    return 1

DEBUG:celery.utils.functional:
def chunks(task, it, n):
    return 1

DEBUG:celery.utils.functional:
def unlock_chord(self, group_id, callback, interval=0, max_retries=1, result=2, Result=3, GroupResult=4, result_from_tuple=5, **kwargs):
    return 1

DEBUG:celery.utils.functional:
def chord(self, header, body, partial_args=0, interval=1, countdown=2, max_retries=3, eager=4, **kwargs):
    return 1

DEBUG:celery.utils.functional:
def group(self, tasks, result, group_id, partial_args, add_to_parent=0):
    return 1

DEBUG:celery.utils.functional:
def xmap(task, it):
    return 1

DEBUG:celery.utils.functional:
def backend_cleanup():
    return 1

DEBUG:celery.utils.functional:
def get_exchange_rates(*args, **kwargs):
    return 1

DEBUG:urllib3.connectionpool:Starting new HTTPS connection (1): v6.exchangerate-api.com:443
DEBUG:urllib3.connectionpool:https://v6.exchangerate-api.com:443 "GET /v6/1cb86a7d10b1120477de4a54/latest/azn HTTP/1.1" 200 1542
DEBUG:urllib3.connectionpool:Starting new HTTPS connection (1): v6.exchangerate-api.com:443
DEBUG:urllib3.connectionpool:https://v6.exchangerate-api.com:443 "GET /v6/1cb86a7d10b1120477de4a54/latest/azn HTTP/1.1" 200 1542
DEBUG:celery.utils.functional:
def xstarmap(task, it):
    return 1

DEBUG:celery.utils.functional:
def accumulate(self, *args, **kwargs):
    return 1

DEBUG:celery.utils.functional:
def chain(*args, **kwargs):
    return 1

DEBUG:celery.utils.functional:
def chunks(task, it, n):
    return 1

DEBUG:celery.utils.functional:
def unlock_chord(self, group_id, callback, interval=0, max_retries=1, result=2, Result=3, GroupResult=4, result_from_tuple=5, **kwargs):
    return 1

DEBUG:celery.utils.functional:
def chord(self, header, body, partial_args=0, interval=1, countdown=2, max_retries=3, eager=4, **kwargs):
    return 1

DEBUG:celery.utils.functional:
def get_exchange_rates(*args, **kwargs):
    return 1

DEBUG:celery.utils.functional:
def group(self, tasks, result, group_id, partial_args, add_to_parent=0):
    return 1

DEBUG:celery.utils.functional:
def xmap(task, it):
    return 1

DEBUG:celery.utils.functional:
def backend_cleanup():
    return 1

DEBUG:urllib3.connectionpool:Starting new HTTPS connection (1): v6.exchangerate-api.com:443
ERROR:celery.utils.dispatch.signal:Signal handler <promise@0x102a59950 --> <bound method Celery._autodiscover_tasks of <Celery currency_converter at 0x102771e80>>> raised: ConnectionError(MaxRetryError('HTTPSConnectionPool(host=\'v6.exchangerate-api.com\', port=443): Max retries exceeded with url: /v6/1cb86a7d10b1120477de4a54/latest/azn (Caused by NameResolutionError("<urllib3.connection.HTTPSConnection object at 0x103862870>: Failed to resolve \'v6.exchangerate-api.com\' ([Errno 8] nodename nor servname provided, or not known)"))'))
Traceback (most recent call last):
  File "/Library/Frameworks/Python.framework/Versions/3.12/lib/python3.12/site-packages/urllib3/connection.py", line 198, in _new_conn
    sock = connection.create_connection(
           ^^^^^^^^^^^^^^^^^^^^^^^^^^^^^
  File "/Library/Frameworks/Python.framework/Versions/3.12/lib/python3.12/site-packages/urllib3/util/connection.py", line 60, in create_connection
    for res in socket.getaddrinfo(host, port, family, socket.SOCK_STREAM):
               ^^^^^^^^^^^^^^^^^^^^^^^^^^^^^^^^^^^^^^^^^^^^^^^^^^^^^^^^^^
  File "/Library/Frameworks/Python.framework/Versions/3.12/lib/python3.12/socket.py", line 963, in getaddrinfo
    for res in _socket.getaddrinfo(host, port, family, type, proto, flags):
               ^^^^^^^^^^^^^^^^^^^^^^^^^^^^^^^^^^^^^^^^^^^^^^^^^^^^^^^^^^^
socket.gaierror: [Errno 8] nodename nor servname provided, or not known

The above exception was the direct cause of the following exception:

Traceback (most recent call last):
  File "/Library/Frameworks/Python.framework/Versions/3.12/lib/python3.12/site-packages/urllib3/connectionpool.py", line 793, in urlopen
    response = self._make_request(
               ^^^^^^^^^^^^^^^^^^^
  File "/Library/Frameworks/Python.framework/Versions/3.12/lib/python3.12/site-packages/urllib3/connectionpool.py", line 491, in _make_request
    raise new_e
  File "/Library/Frameworks/Python.framework/Versions/3.12/lib/python3.12/site-packages/urllib3/connectionpool.py", line 467, in _make_request
    self._validate_conn(conn)
  File "/Library/Frameworks/Python.framework/Versions/3.12/lib/python3.12/site-packages/urllib3/connectionpool.py", line 1099, in _validate_conn
    conn.connect()
  File "/Library/Frameworks/Python.framework/Versions/3.12/lib/python3.12/site-packages/urllib3/connection.py", line 616, in connect
    self.sock = sock = self._new_conn()
                       ^^^^^^^^^^^^^^^^
  File "/Library/Frameworks/Python.framework/Versions/3.12/lib/python3.12/site-packages/urllib3/connection.py", line 205, in _new_conn
    raise NameResolutionError(self.host, self, e) from e
urllib3.exceptions.NameResolutionError: <urllib3.connection.HTTPSConnection object at 0x103862870>: Failed to resolve 'v6.exchangerate-api.com' ([Errno 8] nodename nor servname provided, or not known)

The above exception was the direct cause of the following exception:

Traceback (most recent call last):
  File "/Library/Frameworks/Python.framework/Versions/3.12/lib/python3.12/site-packages/requests/adapters.py", line 589, in send
    resp = conn.urlopen(
           ^^^^^^^^^^^^^
  File "/Library/Frameworks/Python.framework/Versions/3.12/lib/python3.12/site-packages/urllib3/connectionpool.py", line 847, in urlopen
    retries = retries.increment(
              ^^^^^^^^^^^^^^^^^^
  File "/Library/Frameworks/Python.framework/Versions/3.12/lib/python3.12/site-packages/urllib3/util/retry.py", line 515, in increment
    raise MaxRetryError(_pool, url, reason) from reason  # type: ignore[arg-type]
    ^^^^^^^^^^^^^^^^^^^^^^^^^^^^^^^^^^^^^^^^^^^^^^^^^^^
urllib3.exceptions.MaxRetryError: HTTPSConnectionPool(host='v6.exchangerate-api.com', port=443): Max retries exceeded with url: /v6/1cb86a7d10b1120477de4a54/latest/azn (Caused by NameResolutionError("<urllib3.connection.HTTPSConnection object at 0x103862870>: Failed to resolve 'v6.exchangerate-api.com' ([Errno 8] nodename nor servname provided, or not known)"))

During handling of the above exception, another exception occurred:

Traceback (most recent call last):
  File "/Library/Frameworks/Python.framework/Versions/3.12/lib/python3.12/site-packages/celery/utils/dispatch/signal.py", line 276, in send
    response = receiver(signal=self, sender=sender, **named)
               ^^^^^^^^^^^^^^^^^^^^^^^^^^^^^^^^^^^^^^^^^^^^^
  File "/Library/Frameworks/Python.framework/Versions/3.12/lib/python3.12/site-packages/vine/promises.py", line 161, in __call__
    return self.throw()
           ^^^^^^^^^^^^
  File "/Library/Frameworks/Python.framework/Versions/3.12/lib/python3.12/site-packages/vine/promises.py", line 158, in __call__
    retval = fun(*final_args, **final_kwargs)
             ^^^^^^^^^^^^^^^^^^^^^^^^^^^^^^^^
  File "/Library/Frameworks/Python.framework/Versions/3.12/lib/python3.12/site-packages/celery/app/base.py", line 694, in _autodiscover_tasks
    return self._autodiscover_tasks_from_fixups(related_name)
           ^^^^^^^^^^^^^^^^^^^^^^^^^^^^^^^^^^^^^^^^^^^^^^^^^^
  File "/Library/Frameworks/Python.framework/Versions/3.12/lib/python3.12/site-packages/celery/app/base.py", line 703, in _autodiscover_tasks_from_fixups
    return self._autodiscover_tasks_from_names([
           ^^^^^^^^^^^^^^^^^^^^^^^^^^^^^^^^^^^^^
  File "/Library/Frameworks/Python.framework/Versions/3.12/lib/python3.12/site-packages/celery/app/base.py", line 698, in _autodiscover_tasks_from_names
    return self.loader.autodiscover_tasks(
           ^^^^^^^^^^^^^^^^^^^^^^^^^^^^^^^
  File "/Library/Frameworks/Python.framework/Versions/3.12/lib/python3.12/site-packages/celery/loaders/base.py", line 220, in autodiscover_tasks
    mod.__name__ for mod in autodiscover_tasks(packages or (),
                            ^^^^^^^^^^^^^^^^^^^^^^^^^^^^^^^^^^
  File "/Library/Frameworks/Python.framework/Versions/3.12/lib/python3.12/site-packages/celery/loaders/base.py", line 246, in autodiscover_tasks
    return [find_related_module(pkg, related_name) for pkg in packages]
            ^^^^^^^^^^^^^^^^^^^^^^^^^^^^^^^^^^^^^^
  File "/Library/Frameworks/Python.framework/Versions/3.12/lib/python3.12/site-packages/celery/loaders/base.py", line 270, in find_related_module
    return importlib.import_module(module_name)
           ^^^^^^^^^^^^^^^^^^^^^^^^^^^^^^^^^^^^
  File "/Library/Frameworks/Python.framework/Versions/3.12/lib/python3.12/importlib/__init__.py", line 90, in import_module
    return _bootstrap._gcd_import(name[level:], package, level)
           ^^^^^^^^^^^^^^^^^^^^^^^^^^^^^^^^^^^^^^^^^^^^^^^^^^^^
  File "<frozen importlib._bootstrap>", line 1387, in _gcd_import
  File "<frozen importlib._bootstrap>", line 1360, in _find_and_load
  File "<frozen importlib._bootstrap>", line 1331, in _find_and_load_unlocked
  File "<frozen importlib._bootstrap>", line 935, in _load_unlocked
  File "<frozen importlib._bootstrap_external>", line 995, in exec_module
  File "<frozen importlib._bootstrap>", line 488, in _call_with_frames_removed
  File "/Users/kamranaghamoghlanov/Desktop/currency_converter/conversion/tasks.py", line 16, in <module>
    exchange_rates = get_exchange_rates(url)
                     ^^^^^^^^^^^^^^^^^^^^^^^
  File "/Library/Frameworks/Python.framework/Versions/3.12/lib/python3.12/site-packages/celery/local.py", line 182, in __call__
    return self._get_current_object()(*a, **kw)
           ^^^^^^^^^^^^^^^^^^^^^^^^^^^^^^^^^^^^
  File "/Library/Frameworks/Python.framework/Versions/3.12/lib/python3.12/site-packages/celery/app/task.py", line 411, in __call__
    return self.run(*args, **kwargs)
           ^^^^^^^^^^^^^^^^^^^^^^^^^
  File "/Users/kamranaghamoghlanov/Desktop/currency_converter/conversion/tasks.py", line 12, in get_exchange_rates
    response = requests.get(url)
               ^^^^^^^^^^^^^^^^^
  File "/Library/Frameworks/Python.framework/Versions/3.12/lib/python3.12/site-packages/requests/api.py", line 73, in get
    return request("get", url, params=params, **kwargs)
           ^^^^^^^^^^^^^^^^^^^^^^^^^^^^^^^^^^^^^^^^^^^^
  File "/Library/Frameworks/Python.framework/Versions/3.12/lib/python3.12/site-packages/requests/api.py", line 59, in request
    return session.request(method=method, url=url, **kwargs)
           ^^^^^^^^^^^^^^^^^^^^^^^^^^^^^^^^^^^^^^^^^^^^^^^^^
  File "/Library/Frameworks/Python.framework/Versions/3.12/lib/python3.12/site-packages/requests/sessions.py", line 589, in request
    resp = self.send(prep, **send_kwargs)
           ^^^^^^^^^^^^^^^^^^^^^^^^^^^^^^
  File "/Library/Frameworks/Python.framework/Versions/3.12/lib/python3.12/site-packages/requests/sessions.py", line 703, in send
    r = adapter.send(request, **kwargs)
        ^^^^^^^^^^^^^^^^^^^^^^^^^^^^^^^
  File "/Library/Frameworks/Python.framework/Versions/3.12/lib/python3.12/site-packages/requests/adapters.py", line 622, in send
    raise ConnectionError(e, request=request)
requests.exceptions.ConnectionError: HTTPSConnectionPool(host='v6.exchangerate-api.com', port=443): Max retries exceeded with url: /v6/1cb86a7d10b1120477de4a54/latest/azn (Caused by NameResolutionError("<urllib3.connection.HTTPSConnection object at 0x103862870>: Failed to resolve 'v6.exchangerate-api.com' ([Errno 8] nodename nor servname provided, or not known)"))
DEBUG:celery.utils.functional:
def xstarmap(task, it):
    return 1

DEBUG:celery.utils.functional:
def accumulate(self, *args, **kwargs):
    return 1

DEBUG:celery.utils.functional:
def chain(*args, **kwargs):
    return 1

DEBUG:celery.utils.functional:
def chunks(task, it, n):
    return 1

DEBUG:celery.utils.functional:
def unlock_chord(self, group_id, callback, interval=0, max_retries=1, result=2, Result=3, GroupResult=4, result_from_tuple=5, **kwargs):
    return 1

DEBUG:celery.utils.functional:
def chord(self, header, body, partial_args=0, interval=1, countdown=2, max_retries=3, eager=4, **kwargs):
    return 1

DEBUG:celery.utils.functional:
def get_exchange_rates(*args, **kwargs):
    return 1

DEBUG:celery.utils.functional:
def group(self, tasks, result, group_id, partial_args, add_to_parent=0):
    return 1

DEBUG:celery.utils.functional:
def xmap(task, it):
    return 1

DEBUG:celery.utils.functional:
def backend_cleanup():
    return 1

DEBUG:urllib3.connectionpool:Starting new HTTPS connection (1): v6.exchangerate-api.com:443
ERROR:celery.utils.dispatch.signal:Signal handler <promise@0x1070ed950 --> <bound method Celery._autodiscover_tasks of <Celery currency_converter at 0x10544d820>>> raised: ConnectionError(MaxRetryError('HTTPSConnectionPool(host=\'v6.exchangerate-api.com\', port=443): Max retries exceeded with url: /v6/1cb86a7d10b1120477de4a54/latest/azn (Caused by NameResolutionError("<urllib3.connection.HTTPSConnection object at 0x109577290>: Failed to resolve \'v6.exchangerate-api.com\' ([Errno 8] nodename nor servname provided, or not known)"))'))
Traceback (most recent call last):
  File "/Library/Frameworks/Python.framework/Versions/3.12/lib/python3.12/site-packages/urllib3/connection.py", line 198, in _new_conn
    sock = connection.create_connection(
           ^^^^^^^^^^^^^^^^^^^^^^^^^^^^^
  File "/Library/Frameworks/Python.framework/Versions/3.12/lib/python3.12/site-packages/urllib3/util/connection.py", line 60, in create_connection
    for res in socket.getaddrinfo(host, port, family, socket.SOCK_STREAM):
               ^^^^^^^^^^^^^^^^^^^^^^^^^^^^^^^^^^^^^^^^^^^^^^^^^^^^^^^^^^
  File "/Library/Frameworks/Python.framework/Versions/3.12/lib/python3.12/socket.py", line 963, in getaddrinfo
    for res in _socket.getaddrinfo(host, port, family, type, proto, flags):
               ^^^^^^^^^^^^^^^^^^^^^^^^^^^^^^^^^^^^^^^^^^^^^^^^^^^^^^^^^^^
socket.gaierror: [Errno 8] nodename nor servname provided, or not known

The above exception was the direct cause of the following exception:

Traceback (most recent call last):
  File "/Library/Frameworks/Python.framework/Versions/3.12/lib/python3.12/site-packages/urllib3/connectionpool.py", line 793, in urlopen
    response = self._make_request(
               ^^^^^^^^^^^^^^^^^^^
  File "/Library/Frameworks/Python.framework/Versions/3.12/lib/python3.12/site-packages/urllib3/connectionpool.py", line 491, in _make_request
    raise new_e
  File "/Library/Frameworks/Python.framework/Versions/3.12/lib/python3.12/site-packages/urllib3/connectionpool.py", line 467, in _make_request
    self._validate_conn(conn)
  File "/Library/Frameworks/Python.framework/Versions/3.12/lib/python3.12/site-packages/urllib3/connectionpool.py", line 1099, in _validate_conn
    conn.connect()
  File "/Library/Frameworks/Python.framework/Versions/3.12/lib/python3.12/site-packages/urllib3/connection.py", line 616, in connect
    self.sock = sock = self._new_conn()
                       ^^^^^^^^^^^^^^^^
  File "/Library/Frameworks/Python.framework/Versions/3.12/lib/python3.12/site-packages/urllib3/connection.py", line 205, in _new_conn
    raise NameResolutionError(self.host, self, e) from e
urllib3.exceptions.NameResolutionError: <urllib3.connection.HTTPSConnection object at 0x109577290>: Failed to resolve 'v6.exchangerate-api.com' ([Errno 8] nodename nor servname provided, or not known)

The above exception was the direct cause of the following exception:

Traceback (most recent call last):
  File "/Library/Frameworks/Python.framework/Versions/3.12/lib/python3.12/site-packages/requests/adapters.py", line 589, in send
    resp = conn.urlopen(
           ^^^^^^^^^^^^^
  File "/Library/Frameworks/Python.framework/Versions/3.12/lib/python3.12/site-packages/urllib3/connectionpool.py", line 847, in urlopen
    retries = retries.increment(
              ^^^^^^^^^^^^^^^^^^
  File "/Library/Frameworks/Python.framework/Versions/3.12/lib/python3.12/site-packages/urllib3/util/retry.py", line 515, in increment
    raise MaxRetryError(_pool, url, reason) from reason  # type: ignore[arg-type]
    ^^^^^^^^^^^^^^^^^^^^^^^^^^^^^^^^^^^^^^^^^^^^^^^^^^^
urllib3.exceptions.MaxRetryError: HTTPSConnectionPool(host='v6.exchangerate-api.com', port=443): Max retries exceeded with url: /v6/1cb86a7d10b1120477de4a54/latest/azn (Caused by NameResolutionError("<urllib3.connection.HTTPSConnection object at 0x109577290>: Failed to resolve 'v6.exchangerate-api.com' ([Errno 8] nodename nor servname provided, or not known)"))

During handling of the above exception, another exception occurred:

Traceback (most recent call last):
  File "/Library/Frameworks/Python.framework/Versions/3.12/lib/python3.12/site-packages/celery/utils/dispatch/signal.py", line 276, in send
    response = receiver(signal=self, sender=sender, **named)
               ^^^^^^^^^^^^^^^^^^^^^^^^^^^^^^^^^^^^^^^^^^^^^
  File "/Library/Frameworks/Python.framework/Versions/3.12/lib/python3.12/site-packages/vine/promises.py", line 161, in __call__
    return self.throw()
           ^^^^^^^^^^^^
  File "/Library/Frameworks/Python.framework/Versions/3.12/lib/python3.12/site-packages/vine/promises.py", line 158, in __call__
    retval = fun(*final_args, **final_kwargs)
             ^^^^^^^^^^^^^^^^^^^^^^^^^^^^^^^^
  File "/Library/Frameworks/Python.framework/Versions/3.12/lib/python3.12/site-packages/celery/app/base.py", line 694, in _autodiscover_tasks
    return self._autodiscover_tasks_from_fixups(related_name)
           ^^^^^^^^^^^^^^^^^^^^^^^^^^^^^^^^^^^^^^^^^^^^^^^^^^
  File "/Library/Frameworks/Python.framework/Versions/3.12/lib/python3.12/site-packages/celery/app/base.py", line 703, in _autodiscover_tasks_from_fixups
    return self._autodiscover_tasks_from_names([
           ^^^^^^^^^^^^^^^^^^^^^^^^^^^^^^^^^^^^^
  File "/Library/Frameworks/Python.framework/Versions/3.12/lib/python3.12/site-packages/celery/app/base.py", line 698, in _autodiscover_tasks_from_names
    return self.loader.autodiscover_tasks(
           ^^^^^^^^^^^^^^^^^^^^^^^^^^^^^^^
  File "/Library/Frameworks/Python.framework/Versions/3.12/lib/python3.12/site-packages/celery/loaders/base.py", line 220, in autodiscover_tasks
    mod.__name__ for mod in autodiscover_tasks(packages or (),
                            ^^^^^^^^^^^^^^^^^^^^^^^^^^^^^^^^^^
  File "/Library/Frameworks/Python.framework/Versions/3.12/lib/python3.12/site-packages/celery/loaders/base.py", line 246, in autodiscover_tasks
    return [find_related_module(pkg, related_name) for pkg in packages]
            ^^^^^^^^^^^^^^^^^^^^^^^^^^^^^^^^^^^^^^
  File "/Library/Frameworks/Python.framework/Versions/3.12/lib/python3.12/site-packages/celery/loaders/base.py", line 270, in find_related_module
    return importlib.import_module(module_name)
           ^^^^^^^^^^^^^^^^^^^^^^^^^^^^^^^^^^^^
  File "/Library/Frameworks/Python.framework/Versions/3.12/lib/python3.12/importlib/__init__.py", line 90, in import_module
    return _bootstrap._gcd_import(name[level:], package, level)
           ^^^^^^^^^^^^^^^^^^^^^^^^^^^^^^^^^^^^^^^^^^^^^^^^^^^^
  File "<frozen importlib._bootstrap>", line 1387, in _gcd_import
  File "<frozen importlib._bootstrap>", line 1360, in _find_and_load
  File "<frozen importlib._bootstrap>", line 1331, in _find_and_load_unlocked
  File "<frozen importlib._bootstrap>", line 935, in _load_unlocked
  File "<frozen importlib._bootstrap_external>", line 995, in exec_module
  File "<frozen importlib._bootstrap>", line 488, in _call_with_frames_removed
  File "/Users/kamranaghamoghlanov/Desktop/currency_converter/conversion/tasks.py", line 16, in <module>
    exchange_rates = get_exchange_rates(url)
                     ^^^^^^^^^^^^^^^^^^^^^^^
  File "/Library/Frameworks/Python.framework/Versions/3.12/lib/python3.12/site-packages/celery/local.py", line 182, in __call__
    return self._get_current_object()(*a, **kw)
           ^^^^^^^^^^^^^^^^^^^^^^^^^^^^^^^^^^^^
  File "/Library/Frameworks/Python.framework/Versions/3.12/lib/python3.12/site-packages/celery/app/task.py", line 411, in __call__
    return self.run(*args, **kwargs)
           ^^^^^^^^^^^^^^^^^^^^^^^^^
  File "/Users/kamranaghamoghlanov/Desktop/currency_converter/conversion/tasks.py", line 12, in get_exchange_rates
    response = requests.get(url)
               ^^^^^^^^^^^^^^^^^
  File "/Library/Frameworks/Python.framework/Versions/3.12/lib/python3.12/site-packages/requests/api.py", line 73, in get
    return request("get", url, params=params, **kwargs)
           ^^^^^^^^^^^^^^^^^^^^^^^^^^^^^^^^^^^^^^^^^^^^
  File "/Library/Frameworks/Python.framework/Versions/3.12/lib/python3.12/site-packages/requests/api.py", line 59, in request
    return session.request(method=method, url=url, **kwargs)
           ^^^^^^^^^^^^^^^^^^^^^^^^^^^^^^^^^^^^^^^^^^^^^^^^^
  File "/Library/Frameworks/Python.framework/Versions/3.12/lib/python3.12/site-packages/requests/sessions.py", line 589, in request
    resp = self.send(prep, **send_kwargs)
           ^^^^^^^^^^^^^^^^^^^^^^^^^^^^^^
  File "/Library/Frameworks/Python.framework/Versions/3.12/lib/python3.12/site-packages/requests/sessions.py", line 703, in send
    r = adapter.send(request, **kwargs)
        ^^^^^^^^^^^^^^^^^^^^^^^^^^^^^^^
  File "/Library/Frameworks/Python.framework/Versions/3.12/lib/python3.12/site-packages/requests/adapters.py", line 622, in send
    raise ConnectionError(e, request=request)
requests.exceptions.ConnectionError: HTTPSConnectionPool(host='v6.exchangerate-api.com', port=443): Max retries exceeded with url: /v6/1cb86a7d10b1120477de4a54/latest/azn (Caused by NameResolutionError("<urllib3.connection.HTTPSConnection object at 0x109577290>: Failed to resolve 'v6.exchangerate-api.com' ([Errno 8] nodename nor servname provided, or not known)"))
DEBUG:celery.utils.functional:
def xstarmap(task, it):
    return 1

DEBUG:celery.utils.functional:
def accumulate(self, *args, **kwargs):
    return 1

DEBUG:celery.utils.functional:
def chain(*args, **kwargs):
    return 1

DEBUG:celery.utils.functional:
def chunks(task, it, n):
    return 1

DEBUG:celery.utils.functional:
def unlock_chord(self, group_id, callback, interval=0, max_retries=1, result=2, Result=3, GroupResult=4, result_from_tuple=5, **kwargs):
    return 1

DEBUG:celery.utils.functional:
def chord(self, header, body, partial_args=0, interval=1, countdown=2, max_retries=3, eager=4, **kwargs):
    return 1

DEBUG:celery.utils.functional:
def group(self, tasks, result, group_id, partial_args, add_to_parent=0):
    return 1

DEBUG:celery.utils.functional:
def xmap(task, it):
    return 1

DEBUG:celery.utils.functional:
def backend_cleanup():
    return 1

DEBUG:celery.utils.functional:
def get_exchange_rates(*args, **kwargs):
    return 1

DEBUG:urllib3.connectionpool:Starting new HTTPS connection (1): v6.exchangerate-api.com:443
ERROR:celery.utils.dispatch.signal:Signal handler <promise@0x1037ed950 --> <bound method Celery._autodiscover_tasks of <Celery currency_converter at 0x1037fdd00>>> raised: ConnectionError(MaxRetryError('HTTPSConnectionPool(host=\'v6.exchangerate-api.com\', port=443): Max retries exceeded with url: /v6/1cb86a7d10b1120477de4a54/latest/azn (Caused by NameResolutionError("<urllib3.connection.HTTPSConnection object at 0x1043cb5c0>: Failed to resolve \'v6.exchangerate-api.com\' ([Errno 8] nodename nor servname provided, or not known)"))'))
Traceback (most recent call last):
  File "/Library/Frameworks/Python.framework/Versions/3.12/lib/python3.12/site-packages/urllib3/connection.py", line 198, in _new_conn
    sock = connection.create_connection(
           ^^^^^^^^^^^^^^^^^^^^^^^^^^^^^
  File "/Library/Frameworks/Python.framework/Versions/3.12/lib/python3.12/site-packages/urllib3/util/connection.py", line 60, in create_connection
    for res in socket.getaddrinfo(host, port, family, socket.SOCK_STREAM):
               ^^^^^^^^^^^^^^^^^^^^^^^^^^^^^^^^^^^^^^^^^^^^^^^^^^^^^^^^^^
  File "/Library/Frameworks/Python.framework/Versions/3.12/lib/python3.12/socket.py", line 963, in getaddrinfo
    for res in _socket.getaddrinfo(host, port, family, type, proto, flags):
               ^^^^^^^^^^^^^^^^^^^^^^^^^^^^^^^^^^^^^^^^^^^^^^^^^^^^^^^^^^^
socket.gaierror: [Errno 8] nodename nor servname provided, or not known

The above exception was the direct cause of the following exception:

Traceback (most recent call last):
  File "/Library/Frameworks/Python.framework/Versions/3.12/lib/python3.12/site-packages/urllib3/connectionpool.py", line 793, in urlopen
    response = self._make_request(
               ^^^^^^^^^^^^^^^^^^^
  File "/Library/Frameworks/Python.framework/Versions/3.12/lib/python3.12/site-packages/urllib3/connectionpool.py", line 491, in _make_request
    raise new_e
  File "/Library/Frameworks/Python.framework/Versions/3.12/lib/python3.12/site-packages/urllib3/connectionpool.py", line 467, in _make_request
    self._validate_conn(conn)
  File "/Library/Frameworks/Python.framework/Versions/3.12/lib/python3.12/site-packages/urllib3/connectionpool.py", line 1099, in _validate_conn
    conn.connect()
  File "/Library/Frameworks/Python.framework/Versions/3.12/lib/python3.12/site-packages/urllib3/connection.py", line 616, in connect
    self.sock = sock = self._new_conn()
                       ^^^^^^^^^^^^^^^^
  File "/Library/Frameworks/Python.framework/Versions/3.12/lib/python3.12/site-packages/urllib3/connection.py", line 205, in _new_conn
    raise NameResolutionError(self.host, self, e) from e
urllib3.exceptions.NameResolutionError: <urllib3.connection.HTTPSConnection object at 0x1043cb5c0>: Failed to resolve 'v6.exchangerate-api.com' ([Errno 8] nodename nor servname provided, or not known)

The above exception was the direct cause of the following exception:

Traceback (most recent call last):
  File "/Library/Frameworks/Python.framework/Versions/3.12/lib/python3.12/site-packages/requests/adapters.py", line 589, in send
    resp = conn.urlopen(
           ^^^^^^^^^^^^^
  File "/Library/Frameworks/Python.framework/Versions/3.12/lib/python3.12/site-packages/urllib3/connectionpool.py", line 847, in urlopen
    retries = retries.increment(
              ^^^^^^^^^^^^^^^^^^
  File "/Library/Frameworks/Python.framework/Versions/3.12/lib/python3.12/site-packages/urllib3/util/retry.py", line 515, in increment
    raise MaxRetryError(_pool, url, reason) from reason  # type: ignore[arg-type]
    ^^^^^^^^^^^^^^^^^^^^^^^^^^^^^^^^^^^^^^^^^^^^^^^^^^^
urllib3.exceptions.MaxRetryError: HTTPSConnectionPool(host='v6.exchangerate-api.com', port=443): Max retries exceeded with url: /v6/1cb86a7d10b1120477de4a54/latest/azn (Caused by NameResolutionError("<urllib3.connection.HTTPSConnection object at 0x1043cb5c0>: Failed to resolve 'v6.exchangerate-api.com' ([Errno 8] nodename nor servname provided, or not known)"))

During handling of the above exception, another exception occurred:

Traceback (most recent call last):
  File "/Library/Frameworks/Python.framework/Versions/3.12/lib/python3.12/site-packages/celery/utils/dispatch/signal.py", line 276, in send
    response = receiver(signal=self, sender=sender, **named)
               ^^^^^^^^^^^^^^^^^^^^^^^^^^^^^^^^^^^^^^^^^^^^^
  File "/Library/Frameworks/Python.framework/Versions/3.12/lib/python3.12/site-packages/vine/promises.py", line 161, in __call__
    return self.throw()
           ^^^^^^^^^^^^
  File "/Library/Frameworks/Python.framework/Versions/3.12/lib/python3.12/site-packages/vine/promises.py", line 158, in __call__
    retval = fun(*final_args, **final_kwargs)
             ^^^^^^^^^^^^^^^^^^^^^^^^^^^^^^^^
  File "/Library/Frameworks/Python.framework/Versions/3.12/lib/python3.12/site-packages/celery/app/base.py", line 694, in _autodiscover_tasks
    return self._autodiscover_tasks_from_fixups(related_name)
           ^^^^^^^^^^^^^^^^^^^^^^^^^^^^^^^^^^^^^^^^^^^^^^^^^^
  File "/Library/Frameworks/Python.framework/Versions/3.12/lib/python3.12/site-packages/celery/app/base.py", line 703, in _autodiscover_tasks_from_fixups
    return self._autodiscover_tasks_from_names([
           ^^^^^^^^^^^^^^^^^^^^^^^^^^^^^^^^^^^^^
  File "/Library/Frameworks/Python.framework/Versions/3.12/lib/python3.12/site-packages/celery/app/base.py", line 698, in _autodiscover_tasks_from_names
    return self.loader.autodiscover_tasks(
           ^^^^^^^^^^^^^^^^^^^^^^^^^^^^^^^
  File "/Library/Frameworks/Python.framework/Versions/3.12/lib/python3.12/site-packages/celery/loaders/base.py", line 220, in autodiscover_tasks
    mod.__name__ for mod in autodiscover_tasks(packages or (),
                            ^^^^^^^^^^^^^^^^^^^^^^^^^^^^^^^^^^
  File "/Library/Frameworks/Python.framework/Versions/3.12/lib/python3.12/site-packages/celery/loaders/base.py", line 246, in autodiscover_tasks
    return [find_related_module(pkg, related_name) for pkg in packages]
            ^^^^^^^^^^^^^^^^^^^^^^^^^^^^^^^^^^^^^^
  File "/Library/Frameworks/Python.framework/Versions/3.12/lib/python3.12/site-packages/celery/loaders/base.py", line 270, in find_related_module
    return importlib.import_module(module_name)
           ^^^^^^^^^^^^^^^^^^^^^^^^^^^^^^^^^^^^
  File "/Library/Frameworks/Python.framework/Versions/3.12/lib/python3.12/importlib/__init__.py", line 90, in import_module
    return _bootstrap._gcd_import(name[level:], package, level)
           ^^^^^^^^^^^^^^^^^^^^^^^^^^^^^^^^^^^^^^^^^^^^^^^^^^^^
  File "<frozen importlib._bootstrap>", line 1387, in _gcd_import
  File "<frozen importlib._bootstrap>", line 1360, in _find_and_load
  File "<frozen importlib._bootstrap>", line 1331, in _find_and_load_unlocked
  File "<frozen importlib._bootstrap>", line 935, in _load_unlocked
  File "<frozen importlib._bootstrap_external>", line 995, in exec_module
  File "<frozen importlib._bootstrap>", line 488, in _call_with_frames_removed
  File "/Users/kamranaghamoghlanov/Desktop/currency_converter/conversion/tasks.py", line 16, in <module>
    exchange_rates = get_exchange_rates(url)
                     ^^^^^^^^^^^^^^^^^^^^^^^
  File "/Library/Frameworks/Python.framework/Versions/3.12/lib/python3.12/site-packages/celery/local.py", line 182, in __call__
    return self._get_current_object()(*a, **kw)
           ^^^^^^^^^^^^^^^^^^^^^^^^^^^^^^^^^^^^
  File "/Library/Frameworks/Python.framework/Versions/3.12/lib/python3.12/site-packages/celery/app/task.py", line 411, in __call__
    return self.run(*args, **kwargs)
           ^^^^^^^^^^^^^^^^^^^^^^^^^
  File "/Users/kamranaghamoghlanov/Desktop/currency_converter/conversion/tasks.py", line 12, in get_exchange_rates
    response = requests.get(url)
               ^^^^^^^^^^^^^^^^^
  File "/Library/Frameworks/Python.framework/Versions/3.12/lib/python3.12/site-packages/requests/api.py", line 73, in get
    return request("get", url, params=params, **kwargs)
           ^^^^^^^^^^^^^^^^^^^^^^^^^^^^^^^^^^^^^^^^^^^^
  File "/Library/Frameworks/Python.framework/Versions/3.12/lib/python3.12/site-packages/requests/api.py", line 59, in request
    return session.request(method=method, url=url, **kwargs)
           ^^^^^^^^^^^^^^^^^^^^^^^^^^^^^^^^^^^^^^^^^^^^^^^^^
  File "/Library/Frameworks/Python.framework/Versions/3.12/lib/python3.12/site-packages/requests/sessions.py", line 589, in request
    resp = self.send(prep, **send_kwargs)
           ^^^^^^^^^^^^^^^^^^^^^^^^^^^^^^
  File "/Library/Frameworks/Python.framework/Versions/3.12/lib/python3.12/site-packages/requests/sessions.py", line 703, in send
    r = adapter.send(request, **kwargs)
        ^^^^^^^^^^^^^^^^^^^^^^^^^^^^^^^
  File "/Library/Frameworks/Python.framework/Versions/3.12/lib/python3.12/site-packages/requests/adapters.py", line 622, in send
    raise ConnectionError(e, request=request)
requests.exceptions.ConnectionError: HTTPSConnectionPool(host='v6.exchangerate-api.com', port=443): Max retries exceeded with url: /v6/1cb86a7d10b1120477de4a54/latest/azn (Caused by NameResolutionError("<urllib3.connection.HTTPSConnection object at 0x1043cb5c0>: Failed to resolve 'v6.exchangerate-api.com' ([Errno 8] nodename nor servname provided, or not known)"))
DEBUG:celery.utils.functional:
def xstarmap(task, it):
    return 1

DEBUG:celery.utils.functional:
def accumulate(self, *args, **kwargs):
    return 1

DEBUG:celery.utils.functional:
def chain(*args, **kwargs):
    return 1

DEBUG:celery.utils.functional:
def chunks(task, it, n):
    return 1

DEBUG:celery.utils.functional:
def unlock_chord(self, group_id, callback, interval=0, max_retries=1, result=2, Result=3, GroupResult=4, result_from_tuple=5, **kwargs):
    return 1

DEBUG:celery.utils.functional:
def chord(self, header, body, partial_args=0, interval=1, countdown=2, max_retries=3, eager=4, **kwargs):
    return 1

DEBUG:celery.utils.functional:
def get_exchange_rates(*args, **kwargs):
    return 1

DEBUG:celery.utils.functional:
def group(self, tasks, result, group_id, partial_args, add_to_parent=0):
    return 1

DEBUG:celery.utils.functional:
def xmap(task, it):
    return 1

DEBUG:celery.utils.functional:
def backend_cleanup():
    return 1

DEBUG:urllib3.connectionpool:Starting new HTTPS connection (1): v6.exchangerate-api.com:443
ERROR:celery.utils.dispatch.signal:Signal handler <promise@0x1031b1950 --> <bound method Celery._autodiscover_tasks of <Celery currency_converter at 0x1031c1b80>>> raised: ConnectionError(MaxRetryError('HTTPSConnectionPool(host=\'v6.exchangerate-api.com\', port=443): Max retries exceeded with url: /v6/1cb86a7d10b1120477de4a54/latest/azn (Caused by NameResolutionError("<urllib3.connection.HTTPSConnection object at 0x104eb3710>: Failed to resolve \'v6.exchangerate-api.com\' ([Errno 8] nodename nor servname provided, or not known)"))'))
Traceback (most recent call last):
  File "/Library/Frameworks/Python.framework/Versions/3.12/lib/python3.12/site-packages/urllib3/connection.py", line 198, in _new_conn
    sock = connection.create_connection(
           ^^^^^^^^^^^^^^^^^^^^^^^^^^^^^
  File "/Library/Frameworks/Python.framework/Versions/3.12/lib/python3.12/site-packages/urllib3/util/connection.py", line 60, in create_connection
    for res in socket.getaddrinfo(host, port, family, socket.SOCK_STREAM):
               ^^^^^^^^^^^^^^^^^^^^^^^^^^^^^^^^^^^^^^^^^^^^^^^^^^^^^^^^^^
  File "/Library/Frameworks/Python.framework/Versions/3.12/lib/python3.12/socket.py", line 963, in getaddrinfo
    for res in _socket.getaddrinfo(host, port, family, type, proto, flags):
               ^^^^^^^^^^^^^^^^^^^^^^^^^^^^^^^^^^^^^^^^^^^^^^^^^^^^^^^^^^^
socket.gaierror: [Errno 8] nodename nor servname provided, or not known

The above exception was the direct cause of the following exception:

Traceback (most recent call last):
  File "/Library/Frameworks/Python.framework/Versions/3.12/lib/python3.12/site-packages/urllib3/connectionpool.py", line 793, in urlopen
    response = self._make_request(
               ^^^^^^^^^^^^^^^^^^^
  File "/Library/Frameworks/Python.framework/Versions/3.12/lib/python3.12/site-packages/urllib3/connectionpool.py", line 491, in _make_request
    raise new_e
  File "/Library/Frameworks/Python.framework/Versions/3.12/lib/python3.12/site-packages/urllib3/connectionpool.py", line 467, in _make_request
    self._validate_conn(conn)
  File "/Library/Frameworks/Python.framework/Versions/3.12/lib/python3.12/site-packages/urllib3/connectionpool.py", line 1099, in _validate_conn
    conn.connect()
  File "/Library/Frameworks/Python.framework/Versions/3.12/lib/python3.12/site-packages/urllib3/connection.py", line 616, in connect
    self.sock = sock = self._new_conn()
                       ^^^^^^^^^^^^^^^^
  File "/Library/Frameworks/Python.framework/Versions/3.12/lib/python3.12/site-packages/urllib3/connection.py", line 205, in _new_conn
    raise NameResolutionError(self.host, self, e) from e
urllib3.exceptions.NameResolutionError: <urllib3.connection.HTTPSConnection object at 0x104eb3710>: Failed to resolve 'v6.exchangerate-api.com' ([Errno 8] nodename nor servname provided, or not known)

The above exception was the direct cause of the following exception:

Traceback (most recent call last):
  File "/Library/Frameworks/Python.framework/Versions/3.12/lib/python3.12/site-packages/requests/adapters.py", line 589, in send
    resp = conn.urlopen(
           ^^^^^^^^^^^^^
  File "/Library/Frameworks/Python.framework/Versions/3.12/lib/python3.12/site-packages/urllib3/connectionpool.py", line 847, in urlopen
    retries = retries.increment(
              ^^^^^^^^^^^^^^^^^^
  File "/Library/Frameworks/Python.framework/Versions/3.12/lib/python3.12/site-packages/urllib3/util/retry.py", line 515, in increment
    raise MaxRetryError(_pool, url, reason) from reason  # type: ignore[arg-type]
    ^^^^^^^^^^^^^^^^^^^^^^^^^^^^^^^^^^^^^^^^^^^^^^^^^^^
urllib3.exceptions.MaxRetryError: HTTPSConnectionPool(host='v6.exchangerate-api.com', port=443): Max retries exceeded with url: /v6/1cb86a7d10b1120477de4a54/latest/azn (Caused by NameResolutionError("<urllib3.connection.HTTPSConnection object at 0x104eb3710>: Failed to resolve 'v6.exchangerate-api.com' ([Errno 8] nodename nor servname provided, or not known)"))

During handling of the above exception, another exception occurred:

Traceback (most recent call last):
  File "/Library/Frameworks/Python.framework/Versions/3.12/lib/python3.12/site-packages/celery/utils/dispatch/signal.py", line 276, in send
    response = receiver(signal=self, sender=sender, **named)
               ^^^^^^^^^^^^^^^^^^^^^^^^^^^^^^^^^^^^^^^^^^^^^
  File "/Library/Frameworks/Python.framework/Versions/3.12/lib/python3.12/site-packages/vine/promises.py", line 161, in __call__
    return self.throw()
           ^^^^^^^^^^^^
  File "/Library/Frameworks/Python.framework/Versions/3.12/lib/python3.12/site-packages/vine/promises.py", line 158, in __call__
    retval = fun(*final_args, **final_kwargs)
             ^^^^^^^^^^^^^^^^^^^^^^^^^^^^^^^^
  File "/Library/Frameworks/Python.framework/Versions/3.12/lib/python3.12/site-packages/celery/app/base.py", line 694, in _autodiscover_tasks
    return self._autodiscover_tasks_from_fixups(related_name)
           ^^^^^^^^^^^^^^^^^^^^^^^^^^^^^^^^^^^^^^^^^^^^^^^^^^
  File "/Library/Frameworks/Python.framework/Versions/3.12/lib/python3.12/site-packages/celery/app/base.py", line 703, in _autodiscover_tasks_from_fixups
    return self._autodiscover_tasks_from_names([
           ^^^^^^^^^^^^^^^^^^^^^^^^^^^^^^^^^^^^^
  File "/Library/Frameworks/Python.framework/Versions/3.12/lib/python3.12/site-packages/celery/app/base.py", line 698, in _autodiscover_tasks_from_names
    return self.loader.autodiscover_tasks(
           ^^^^^^^^^^^^^^^^^^^^^^^^^^^^^^^
  File "/Library/Frameworks/Python.framework/Versions/3.12/lib/python3.12/site-packages/celery/loaders/base.py", line 220, in autodiscover_tasks
    mod.__name__ for mod in autodiscover_tasks(packages or (),
                            ^^^^^^^^^^^^^^^^^^^^^^^^^^^^^^^^^^
  File "/Library/Frameworks/Python.framework/Versions/3.12/lib/python3.12/site-packages/celery/loaders/base.py", line 246, in autodiscover_tasks
    return [find_related_module(pkg, related_name) for pkg in packages]
            ^^^^^^^^^^^^^^^^^^^^^^^^^^^^^^^^^^^^^^
  File "/Library/Frameworks/Python.framework/Versions/3.12/lib/python3.12/site-packages/celery/loaders/base.py", line 270, in find_related_module
    return importlib.import_module(module_name)
           ^^^^^^^^^^^^^^^^^^^^^^^^^^^^^^^^^^^^
  File "/Library/Frameworks/Python.framework/Versions/3.12/lib/python3.12/importlib/__init__.py", line 90, in import_module
    return _bootstrap._gcd_import(name[level:], package, level)
           ^^^^^^^^^^^^^^^^^^^^^^^^^^^^^^^^^^^^^^^^^^^^^^^^^^^^
  File "<frozen importlib._bootstrap>", line 1387, in _gcd_import
  File "<frozen importlib._bootstrap>", line 1360, in _find_and_load
  File "<frozen importlib._bootstrap>", line 1331, in _find_and_load_unlocked
  File "<frozen importlib._bootstrap>", line 935, in _load_unlocked
  File "<frozen importlib._bootstrap_external>", line 995, in exec_module
  File "<frozen importlib._bootstrap>", line 488, in _call_with_frames_removed
  File "/Users/kamranaghamoghlanov/Desktop/currency_converter/conversion/tasks.py", line 16, in <module>
    exchange_rates = get_exchange_rates(url)
                     ^^^^^^^^^^^^^^^^^^^^^^^
  File "/Library/Frameworks/Python.framework/Versions/3.12/lib/python3.12/site-packages/celery/local.py", line 182, in __call__
    return self._get_current_object()(*a, **kw)
           ^^^^^^^^^^^^^^^^^^^^^^^^^^^^^^^^^^^^
  File "/Library/Frameworks/Python.framework/Versions/3.12/lib/python3.12/site-packages/celery/app/task.py", line 411, in __call__
    return self.run(*args, **kwargs)
           ^^^^^^^^^^^^^^^^^^^^^^^^^
  File "/Users/kamranaghamoghlanov/Desktop/currency_converter/conversion/tasks.py", line 12, in get_exchange_rates
    response = requests.get(url)
               ^^^^^^^^^^^^^^^^^
  File "/Library/Frameworks/Python.framework/Versions/3.12/lib/python3.12/site-packages/requests/api.py", line 73, in get
    return request("get", url, params=params, **kwargs)
           ^^^^^^^^^^^^^^^^^^^^^^^^^^^^^^^^^^^^^^^^^^^^
  File "/Library/Frameworks/Python.framework/Versions/3.12/lib/python3.12/site-packages/requests/api.py", line 59, in request
    return session.request(method=method, url=url, **kwargs)
           ^^^^^^^^^^^^^^^^^^^^^^^^^^^^^^^^^^^^^^^^^^^^^^^^^
  File "/Library/Frameworks/Python.framework/Versions/3.12/lib/python3.12/site-packages/requests/sessions.py", line 589, in request
    resp = self.send(prep, **send_kwargs)
           ^^^^^^^^^^^^^^^^^^^^^^^^^^^^^^
  File "/Library/Frameworks/Python.framework/Versions/3.12/lib/python3.12/site-packages/requests/sessions.py", line 703, in send
    r = adapter.send(request, **kwargs)
        ^^^^^^^^^^^^^^^^^^^^^^^^^^^^^^^
  File "/Library/Frameworks/Python.framework/Versions/3.12/lib/python3.12/site-packages/requests/adapters.py", line 622, in send
    raise ConnectionError(e, request=request)
requests.exceptions.ConnectionError: HTTPSConnectionPool(host='v6.exchangerate-api.com', port=443): Max retries exceeded with url: /v6/1cb86a7d10b1120477de4a54/latest/azn (Caused by NameResolutionError("<urllib3.connection.HTTPSConnection object at 0x104eb3710>: Failed to resolve 'v6.exchangerate-api.com' ([Errno 8] nodename nor servname provided, or not known)"))
DEBUG:celery.utils.functional:
def xstarmap(task, it):
    return 1

DEBUG:celery.utils.functional:
def accumulate(self, *args, **kwargs):
    return 1

DEBUG:celery.utils.functional:
def chain(*args, **kwargs):
    return 1

DEBUG:celery.utils.functional:
def chunks(task, it, n):
    return 1

DEBUG:celery.utils.functional:
def unlock_chord(self, group_id, callback, interval=0, max_retries=1, result=2, Result=3, GroupResult=4, result_from_tuple=5, **kwargs):
    return 1

DEBUG:celery.utils.functional:
def chord(self, header, body, partial_args=0, interval=1, countdown=2, max_retries=3, eager=4, **kwargs):
    return 1

DEBUG:celery.utils.functional:
def get_exchange_rates(*args, **kwargs):
    return 1

DEBUG:celery.utils.functional:
def group(self, tasks, result, group_id, partial_args, add_to_parent=0):
    return 1

DEBUG:celery.utils.functional:
def xmap(task, it):
    return 1

DEBUG:celery.utils.functional:
def backend_cleanup():
    return 1

DEBUG:urllib3.connectionpool:Starting new HTTPS connection (1): v6.exchangerate-api.com:443
ERROR:celery.utils.dispatch.signal:Signal handler <promise@0x1030a5950 --> <bound method Celery._autodiscover_tasks of <Celery currency_converter at 0x1030b5d60>>> raised: ConnectionError(MaxRetryError('HTTPSConnectionPool(host=\'v6.exchangerate-api.com\', port=443): Max retries exceeded with url: /v6/1cb86a7d10b1120477de4a54/latest/azn (Caused by NameResolutionError("<urllib3.connection.HTTPSConnection object at 0x10550e240>: Failed to resolve \'v6.exchangerate-api.com\' ([Errno 8] nodename nor servname provided, or not known)"))'))
Traceback (most recent call last):
  File "/Library/Frameworks/Python.framework/Versions/3.12/lib/python3.12/site-packages/urllib3/connection.py", line 198, in _new_conn
    sock = connection.create_connection(
           ^^^^^^^^^^^^^^^^^^^^^^^^^^^^^
  File "/Library/Frameworks/Python.framework/Versions/3.12/lib/python3.12/site-packages/urllib3/util/connection.py", line 60, in create_connection
    for res in socket.getaddrinfo(host, port, family, socket.SOCK_STREAM):
               ^^^^^^^^^^^^^^^^^^^^^^^^^^^^^^^^^^^^^^^^^^^^^^^^^^^^^^^^^^
  File "/Library/Frameworks/Python.framework/Versions/3.12/lib/python3.12/socket.py", line 963, in getaddrinfo
    for res in _socket.getaddrinfo(host, port, family, type, proto, flags):
               ^^^^^^^^^^^^^^^^^^^^^^^^^^^^^^^^^^^^^^^^^^^^^^^^^^^^^^^^^^^
socket.gaierror: [Errno 8] nodename nor servname provided, or not known

The above exception was the direct cause of the following exception:

Traceback (most recent call last):
  File "/Library/Frameworks/Python.framework/Versions/3.12/lib/python3.12/site-packages/urllib3/connectionpool.py", line 793, in urlopen
    response = self._make_request(
               ^^^^^^^^^^^^^^^^^^^
  File "/Library/Frameworks/Python.framework/Versions/3.12/lib/python3.12/site-packages/urllib3/connectionpool.py", line 491, in _make_request
    raise new_e
  File "/Library/Frameworks/Python.framework/Versions/3.12/lib/python3.12/site-packages/urllib3/connectionpool.py", line 467, in _make_request
    self._validate_conn(conn)
  File "/Library/Frameworks/Python.framework/Versions/3.12/lib/python3.12/site-packages/urllib3/connectionpool.py", line 1099, in _validate_conn
    conn.connect()
  File "/Library/Frameworks/Python.framework/Versions/3.12/lib/python3.12/site-packages/urllib3/connection.py", line 616, in connect
    self.sock = sock = self._new_conn()
                       ^^^^^^^^^^^^^^^^
  File "/Library/Frameworks/Python.framework/Versions/3.12/lib/python3.12/site-packages/urllib3/connection.py", line 205, in _new_conn
    raise NameResolutionError(self.host, self, e) from e
urllib3.exceptions.NameResolutionError: <urllib3.connection.HTTPSConnection object at 0x10550e240>: Failed to resolve 'v6.exchangerate-api.com' ([Errno 8] nodename nor servname provided, or not known)

The above exception was the direct cause of the following exception:

Traceback (most recent call last):
  File "/Library/Frameworks/Python.framework/Versions/3.12/lib/python3.12/site-packages/requests/adapters.py", line 589, in send
    resp = conn.urlopen(
           ^^^^^^^^^^^^^
  File "/Library/Frameworks/Python.framework/Versions/3.12/lib/python3.12/site-packages/urllib3/connectionpool.py", line 847, in urlopen
    retries = retries.increment(
              ^^^^^^^^^^^^^^^^^^
  File "/Library/Frameworks/Python.framework/Versions/3.12/lib/python3.12/site-packages/urllib3/util/retry.py", line 515, in increment
    raise MaxRetryError(_pool, url, reason) from reason  # type: ignore[arg-type]
    ^^^^^^^^^^^^^^^^^^^^^^^^^^^^^^^^^^^^^^^^^^^^^^^^^^^
urllib3.exceptions.MaxRetryError: HTTPSConnectionPool(host='v6.exchangerate-api.com', port=443): Max retries exceeded with url: /v6/1cb86a7d10b1120477de4a54/latest/azn (Caused by NameResolutionError("<urllib3.connection.HTTPSConnection object at 0x10550e240>: Failed to resolve 'v6.exchangerate-api.com' ([Errno 8] nodename nor servname provided, or not known)"))

During handling of the above exception, another exception occurred:

Traceback (most recent call last):
  File "/Library/Frameworks/Python.framework/Versions/3.12/lib/python3.12/site-packages/celery/utils/dispatch/signal.py", line 276, in send
    response = receiver(signal=self, sender=sender, **named)
               ^^^^^^^^^^^^^^^^^^^^^^^^^^^^^^^^^^^^^^^^^^^^^
  File "/Library/Frameworks/Python.framework/Versions/3.12/lib/python3.12/site-packages/vine/promises.py", line 161, in __call__
    return self.throw()
           ^^^^^^^^^^^^
  File "/Library/Frameworks/Python.framework/Versions/3.12/lib/python3.12/site-packages/vine/promises.py", line 158, in __call__
    retval = fun(*final_args, **final_kwargs)
             ^^^^^^^^^^^^^^^^^^^^^^^^^^^^^^^^
  File "/Library/Frameworks/Python.framework/Versions/3.12/lib/python3.12/site-packages/celery/app/base.py", line 694, in _autodiscover_tasks
    return self._autodiscover_tasks_from_fixups(related_name)
           ^^^^^^^^^^^^^^^^^^^^^^^^^^^^^^^^^^^^^^^^^^^^^^^^^^
  File "/Library/Frameworks/Python.framework/Versions/3.12/lib/python3.12/site-packages/celery/app/base.py", line 703, in _autodiscover_tasks_from_fixups
    return self._autodiscover_tasks_from_names([
           ^^^^^^^^^^^^^^^^^^^^^^^^^^^^^^^^^^^^^
  File "/Library/Frameworks/Python.framework/Versions/3.12/lib/python3.12/site-packages/celery/app/base.py", line 698, in _autodiscover_tasks_from_names
    return self.loader.autodiscover_tasks(
           ^^^^^^^^^^^^^^^^^^^^^^^^^^^^^^^
  File "/Library/Frameworks/Python.framework/Versions/3.12/lib/python3.12/site-packages/celery/loaders/base.py", line 220, in autodiscover_tasks
    mod.__name__ for mod in autodiscover_tasks(packages or (),
                            ^^^^^^^^^^^^^^^^^^^^^^^^^^^^^^^^^^
  File "/Library/Frameworks/Python.framework/Versions/3.12/lib/python3.12/site-packages/celery/loaders/base.py", line 246, in autodiscover_tasks
    return [find_related_module(pkg, related_name) for pkg in packages]
            ^^^^^^^^^^^^^^^^^^^^^^^^^^^^^^^^^^^^^^
  File "/Library/Frameworks/Python.framework/Versions/3.12/lib/python3.12/site-packages/celery/loaders/base.py", line 270, in find_related_module
    return importlib.import_module(module_name)
           ^^^^^^^^^^^^^^^^^^^^^^^^^^^^^^^^^^^^
  File "/Library/Frameworks/Python.framework/Versions/3.12/lib/python3.12/importlib/__init__.py", line 90, in import_module
    return _bootstrap._gcd_import(name[level:], package, level)
           ^^^^^^^^^^^^^^^^^^^^^^^^^^^^^^^^^^^^^^^^^^^^^^^^^^^^
  File "<frozen importlib._bootstrap>", line 1387, in _gcd_import
  File "<frozen importlib._bootstrap>", line 1360, in _find_and_load
  File "<frozen importlib._bootstrap>", line 1331, in _find_and_load_unlocked
  File "<frozen importlib._bootstrap>", line 935, in _load_unlocked
  File "<frozen importlib._bootstrap_external>", line 995, in exec_module
  File "<frozen importlib._bootstrap>", line 488, in _call_with_frames_removed
  File "/Users/kamranaghamoghlanov/Desktop/currency_converter/conversion/tasks.py", line 16, in <module>
    exchange_rates = get_exchange_rates(url)
                     ^^^^^^^^^^^^^^^^^^^^^^^
  File "/Library/Frameworks/Python.framework/Versions/3.12/lib/python3.12/site-packages/celery/local.py", line 182, in __call__
    return self._get_current_object()(*a, **kw)
           ^^^^^^^^^^^^^^^^^^^^^^^^^^^^^^^^^^^^
  File "/Library/Frameworks/Python.framework/Versions/3.12/lib/python3.12/site-packages/celery/app/task.py", line 411, in __call__
    return self.run(*args, **kwargs)
           ^^^^^^^^^^^^^^^^^^^^^^^^^
  File "/Users/kamranaghamoghlanov/Desktop/currency_converter/conversion/tasks.py", line 12, in get_exchange_rates
    response = requests.get(url)
               ^^^^^^^^^^^^^^^^^
  File "/Library/Frameworks/Python.framework/Versions/3.12/lib/python3.12/site-packages/requests/api.py", line 73, in get
    return request("get", url, params=params, **kwargs)
           ^^^^^^^^^^^^^^^^^^^^^^^^^^^^^^^^^^^^^^^^^^^^
  File "/Library/Frameworks/Python.framework/Versions/3.12/lib/python3.12/site-packages/requests/api.py", line 59, in request
    return session.request(method=method, url=url, **kwargs)
           ^^^^^^^^^^^^^^^^^^^^^^^^^^^^^^^^^^^^^^^^^^^^^^^^^
  File "/Library/Frameworks/Python.framework/Versions/3.12/lib/python3.12/site-packages/requests/sessions.py", line 589, in request
    resp = self.send(prep, **send_kwargs)
           ^^^^^^^^^^^^^^^^^^^^^^^^^^^^^^
  File "/Library/Frameworks/Python.framework/Versions/3.12/lib/python3.12/site-packages/requests/sessions.py", line 703, in send
    r = adapter.send(request, **kwargs)
        ^^^^^^^^^^^^^^^^^^^^^^^^^^^^^^^
  File "/Library/Frameworks/Python.framework/Versions/3.12/lib/python3.12/site-packages/requests/adapters.py", line 622, in send
    raise ConnectionError(e, request=request)
requests.exceptions.ConnectionError: HTTPSConnectionPool(host='v6.exchangerate-api.com', port=443): Max retries exceeded with url: /v6/1cb86a7d10b1120477de4a54/latest/azn (Caused by NameResolutionError("<urllib3.connection.HTTPSConnection object at 0x10550e240>: Failed to resolve 'v6.exchangerate-api.com' ([Errno 8] nodename nor servname provided, or not known)"))
DEBUG:celery.utils.functional:
def xstarmap(task, it):
    return 1

DEBUG:celery.utils.functional:
def accumulate(self, *args, **kwargs):
    return 1

DEBUG:celery.utils.functional:
def chain(*args, **kwargs):
    return 1

DEBUG:celery.utils.functional:
def chunks(task, it, n):
    return 1

DEBUG:celery.utils.functional:
def unlock_chord(self, group_id, callback, interval=0, max_retries=1, result=2, Result=3, GroupResult=4, result_from_tuple=5, **kwargs):
    return 1

DEBUG:celery.utils.functional:
def chord(self, header, body, partial_args=0, interval=1, countdown=2, max_retries=3, eager=4, **kwargs):
    return 1

DEBUG:celery.utils.functional:
def get_exchange_rates(*args, **kwargs):
    return 1

DEBUG:celery.utils.functional:
def group(self, tasks, result, group_id, partial_args, add_to_parent=0):
    return 1

DEBUG:celery.utils.functional:
def xmap(task, it):
    return 1

DEBUG:celery.utils.functional:
def backend_cleanup():
    return 1

DEBUG:urllib3.connectionpool:Starting new HTTPS connection (1): v6.exchangerate-api.com:443
DEBUG:urllib3.connectionpool:https://v6.exchangerate-api.com:443 "GET /v6/1cb86a7d10b1120477de4a54/latest/azn HTTP/1.1" 200 1542
DEBUG:urllib3.connectionpool:Starting new HTTPS connection (1): v6.exchangerate-api.com:443
DEBUG:urllib3.connectionpool:https://v6.exchangerate-api.com:443 "GET /v6/1cb86a7d10b1120477de4a54/latest/azn HTTP/1.1" 200 1542
DEBUG:celery.utils.functional:
def xstarmap(task, it):
    return 1

DEBUG:celery.utils.functional:
def accumulate(self, *args, **kwargs):
    return 1

DEBUG:celery.utils.functional:
def chain(*args, **kwargs):
    return 1

DEBUG:celery.utils.functional:
def chunks(task, it, n):
    return 1

DEBUG:celery.utils.functional:
def unlock_chord(self, group_id, callback, interval=0, max_retries=1, result=2, Result=3, GroupResult=4, result_from_tuple=5, **kwargs):
    return 1

DEBUG:celery.utils.functional:
def chord(self, header, body, partial_args=0, interval=1, countdown=2, max_retries=3, eager=4, **kwargs):
    return 1

DEBUG:celery.utils.functional:
def group(self, tasks, result, group_id, partial_args, add_to_parent=0):
    return 1

DEBUG:celery.utils.functional:
def xmap(task, it):
    return 1

DEBUG:celery.utils.functional:
def backend_cleanup():
    return 1

DEBUG:celery.utils.functional:
def get_exchange_rates(*args, **kwargs):
    return 1

DEBUG:urllib3.connectionpool:Starting new HTTPS connection (1): v6.exchangerate-api.com:443
DEBUG:urllib3.connectionpool:https://v6.exchangerate-api.com:443 "GET /v6/1cb86a7d10b1120477de4a54/latest/azn HTTP/1.1" 200 1542
DEBUG:urllib3.connectionpool:Starting new HTTPS connection (1): v6.exchangerate-api.com:443
DEBUG:urllib3.connectionpool:https://v6.exchangerate-api.com:443 "GET /v6/1cb86a7d10b1120477de4a54/latest/azn HTTP/1.1" 200 1542
DEBUG:urllib3.connectionpool:Starting new HTTPS connection (1): v6.exchangerate-api.com:443
DEBUG:urllib3.connectionpool:https://v6.exchangerate-api.com:443 "GET /v6/1cb86a7d10b1120477de4a54/latest/BMD HTTP/1.1" 200 1568
INFO:root:Converted amount: 170.07
DEBUG:urllib3.connectionpool:Starting new HTTPS connection (1): v6.exchangerate-api.com:443
DEBUG:urllib3.connectionpool:https://v6.exchangerate-api.com:443 "GET /v6/1cb86a7d10b1120477de4a54/latest/USD HTTP/1.1" 200 1567
INFO:root:Converted amount: 10.2042
ERROR:root:Invalid amount value
ERROR:root:Invalid amount provided.
ERROR:root:Invalid amount value
ERROR:root:Invalid amount provided.
ERROR:root:Invalid amount value
ERROR:root:Invalid amount provided.
ERROR:root:Invalid amount value
ERROR:root:Invalid amount provided.
INFO:django.utils.autoreload:/Users/kamranaghamoghlanov/Documents/currency_converter-master/currency_converter/settings.py changed, reloading.
INFO:django.utils.autoreload:/Users/kamranaghamoghlanov/Documents/currency_converter-master/currency_converter/settings.py changed, reloading.
DEBUG:urllib3.connectionpool:Starting new HTTPS connection (1): v6.exchangerate-api.com:443
DEBUG:urllib3.connectionpool:https://v6.exchangerate-api.com:443 "GET /v6/1cb86a7d10b1120477de4a54/latest/USD HTTP/11" 200 1571
INFO:root:Converted amount: 170.04
DEBUG:urllib3.connectionpool:Starting new HTTPS connection (1): v6.exchangerate-api.com:443
DEBUG:urllib3.connectionpool:https://v6.exchangerate-api.com:443 "GET /v6/1cb86a7d10b1120477de4a54/latest/AZN HTTP/11" 200 1543
INFO:root:Converted amount: 58.81
